<?xml version="1.0" encoding="UTF-8"?>
<testsuite xmlns:xsi="http://www.w3.org/2001/XMLSchema-instance" xsi:schemaLocation="https://maven.apache.org/surefire/maven-surefire-plugin/xsd/surefire-test-report.xsd" name="TriangleClassTest" time="0.014" tests="3" errors="0" skipped="0" failures="2">
  <properties>
[...]
</properties>
  <testcase name="testSideClass" classname="TriangleClassTest" time="0.013">
    <failure message="expected null, but was:&lt;isosceles&gt;" type="java.lang.AssertionError"><![CDATA[java.lang.AssertionError: expected null, but was:<isosceles>
	at TriangleClassTest.testSideClass(TriangleClassTest.java:12)
]]></failure>
  </testcase>
  <testcase name="area1" classname="TriangleClassTest" time="0"/>
  <testcase name="testSideClass2" classname="TriangleClassTest" time="0">
    <failure message="expected null, but was:&lt;scalene&gt;" type="java.lang.AssertionError"><![CDATA[java.lang.AssertionError: expected null, but was:<scalene>
	at TriangleClassTest.testSideClass2(TriangleClassTest.java:17)
]]></failure>
  </testcase>
</testsuite>