<?xml version="1.0" encoding="UTF-8" standalone="yes"?><!DOCTYPE report PUBLIC "-//JACOCO//DTD Report 1.1//EN" "report.dtd"><report name="triangle"><sessioninfo id="Alejas-MacBook-Air.local-c798c0d" start="1662638924510" dump="1662638924942"/><sessioninfo id="Alejas-MacBook-Air.local-4ebe9da2" start="1662639705000" dump="1662639705326"/><sessioninfo id="Alejas-MacBook-Air.local-925ea494" start="1662639859248" dump="1662639859574"/><sessioninfo id="Alejas-MacBook-Air.local-2be3f31" start="1662643276129" dump="1662643276495"/><sessioninfo id="Alejas-MacBook-Air.local-2c7f3a37" start="1662643412427" dump="1662643412767"/><sessioninfo id="Alejas-MacBook-Air.local-293fee3f" start="1662643507435" dump="1662643507608"/><sessioninfo id="Alejas-MacBook-Air.local-4fa074f6" start="1662643572349" dump="1662643572728"/><sessioninfo id="Alejas-MacBook-Air.local-d9908f65" start="1662645042049" dump="1662645042212"/><sessioninfo id="Alejas-MacBook-Air.local-af309680" start="1662645055028" dump="1662645055197"/><sessioninfo id="Alejas-MacBook-Air.local-394ac5b8" start="1662645072548" dump="1662645072723"/><sessioninfo id="Alejas-MacBook-Air.local-240fdb13" start="1662645103695" dump="1662645103876"/><package name=""><class name="TriangleClass" sourcefilename="TriangleClass.java"><method name="&lt;init&gt;" desc="()V" line="3"><counter type="INSTRUCTION" missed="3" covered="0"/><counter type="LINE" missed="1" covered="0"/><counter type="COMPLEXITY" missed="1" covered="0"/><counter type="METHOD" missed="1" covered="0"/></method><method name="main" desc="([Ljava/lang/String;)V" line="5"><counter type="INSTRUCTION" missed="60" covered="0"/><counter type="BRANCH" missed="2" covered="0"/><counter type="LINE" missed="13" covered="0"/><counter type="COMPLEXITY" missed="2" covered="0"/><counter type="METHOD" missed="1" covered="0"/></method><method name="sideClass" desc="(III)Ljava/lang/String;" line="26"><counter type="INSTRUCTION" missed="10" covered="22"/><counter type="BRANCH" missed="8" covered="6"/><counter type="LINE" missed="2" covered="5"/><counter type="COMPLEXITY" missed="6" covered="2"/><counter type="METHOD" missed="0" covered="1"/></method><method name="angleClass" desc="(III)Ljava/lang/String;" line="44"><counter type="INSTRUCTION" missed="80" covered="0"/><counter type="BRANCH" missed="22" covered="0"/><counter type="LINE" missed="22" covered="0"/><counter type="COMPLEXITY" missed="12" covered="0"/><counter type="METHOD" missed="1" covered="0"/></method><method name="area" desc="(III)Ljava/lang/Double;" line="81"><counter type="INSTRUCTION" missed="19" covered="17"/><counter type="BRANCH" missed="1" covered="1"/><counter type="LINE" missed="1" covered="3"/><counter type="COMPLEXITY" missed="1" covered="1"/><counter type="METHOD" missed="0" covered="1"/></method><method name="possible" desc="(III)Ljava/lang/Boolean;" line="90"><counter type="INSTRUCTION" missed="7" covered="8"/><counter type="BRANCH" missed="3" covered="1"/><counter type="LINE" missed="0" covered="1"/><counter type="COMPLEXITY" missed="2" covered="1"/><counter type="METHOD" missed="0" covered="1"/></method><counter type="INSTRUCTION" missed="179" covered="47"/><counter type="BRANCH" missed="36" covered="8"/><counter type="LINE" missed="39" covered="9"/><counter type="COMPLEXITY" missed="24" covered="4"/><counter type="METHOD" missed="3" covered="3"/><counter type="CLASS" missed="0" covered="1"/></class><sourcefile name="TriangleClass.java"><line nr="3" mi="3" ci="0" mb="0" cb="0"/><line nr="5" mi="5" ci="0" mb="0" cb="0"/><line nr="6" mi="3" ci="0" mb="0" cb="0"/><line nr="7" mi="3" ci="0" mb="0" cb="0"/><line nr="8" mi="3" ci="0" mb="0" cb="0"/><line nr="9" mi="3" ci="0" mb="0" cb="0"/><line nr="11" mi="6" ci="0" mb="2" cb="0"/><line nr="12" mi="6" ci="0" mb="0" cb="0"/><line nr="13" mi="7" ci="0" mb="0" cb="0"/><line nr="14" mi="7" ci="0" mb="0" cb="0"/><line nr="15" mi="8" ci="0" mb="0" cb="0"/><line nr="18" mi="6" ci="0" mb="0" cb="0"/><line nr="20" mi="2" ci="0" mb="0" cb="0"/><line nr="21" mi="1" ci="0" mb="0" cb="0"/><line nr="26" mi="0" ci="6" mb="1" cb="1"/><line nr="27" mi="6" ci="3" mb="5" cb="1"/><line nr="28" mi="2" ci="0" mb="0" cb="0"/><line nr="29" mi="0" ci="9" mb="2" cb="4"/><line nr="30" mi="0" ci="2" mb="0" cb="0"/><line nr="32" mi="0" ci="2" mb="0" cb="0"/><line nr="36" mi="2" ci="0" mb="0" cb="0"/><line nr="44" mi="4" ci="0" mb="0" cb="0"/><line nr="45" mi="4" ci="0" mb="0" cb="0"/><line nr="46" mi="4" ci="0" mb="0" cb="0"/><line nr="48" mi="6" ci="0" mb="2" cb="0"/><line nr="49" mi="6" ci="0" mb="4" cb="0"/><line nr="50" mi="5" ci="0" mb="2" cb="0"/><line nr="51" mi="2" ci="0" mb="0" cb="0"/><line nr="52" mi="5" ci="0" mb="2" cb="0"/><line nr="53" mi="2" ci="0" mb="0" cb="0"/><line nr="55" mi="2" ci="0" mb="0" cb="0"/><line nr="57" mi="6" ci="0" mb="4" cb="0"/><line nr="59" mi="5" ci="0" mb="2" cb="0"/><line nr="60" mi="2" ci="0" mb="0" cb="0"/><line nr="61" mi="5" ci="0" mb="2" cb="0"/><line nr="62" mi="2" ci="0" mb="0" cb="0"/><line nr="64" mi="2" ci="0" mb="0" cb="0"/><line nr="68" mi="5" ci="0" mb="2" cb="0"/><line nr="69" mi="2" ci="0" mb="0" cb="0"/><line nr="70" mi="5" ci="0" mb="2" cb="0"/><line nr="71" mi="2" ci="0" mb="0" cb="0"/><line nr="73" mi="2" ci="0" mb="0" cb="0"/><line nr="76" mi="2" ci="0" mb="0" cb="0"/><line nr="81" mi="0" ci="9" mb="0" cb="0"/><line nr="82" mi="0" ci="6" mb="1" cb="1"/><line nr="83" mi="19" ci="0" mb="0" cb="0"/><line nr="85" mi="0" ci="2" mb="0" cb="0"/><line nr="90" mi="7" ci="8" mb="3" cb="1"/><counter type="INSTRUCTION" missed="179" covered="47"/><counter type="BRANCH" missed="36" covered="8"/><counter type="LINE" missed="39" covered="9"/><counter type="COMPLEXITY" missed="24" covered="4"/><counter type="METHOD" missed="3" covered="3"/><counter type="CLASS" missed="0" covered="1"/></sourcefile><counter type="INSTRUCTION" missed="179" covered="47"/><counter type="BRANCH" missed="36" covered="8"/><counter type="LINE" missed="39" covered="9"/><counter type="COMPLEXITY" missed="24" covered="4"/><counter type="METHOD" missed="3" covered="3"/><counter type="CLASS" missed="0" covered="1"/></package><counter type="INSTRUCTION" missed="179" covered="47"/><counter type="BRANCH" missed="36" covered="8"/><counter type="LINE" missed="39" covered="9"/><counter type="COMPLEXITY" missed="24" covered="4"/><counter type="METHOD" missed="3" covered="3"/><counter type="CLASS" missed="0" covered="1"/></report>