-------------------------------------------------------------------------------
Test set: RegressionTest
-------------------------------------------------------------------------------
Tests run: 16383, Failures: 1120, Errors: 0, Skipped: 0, Time elapsed: 0.633 sec <<< FAILURE! - in RegressionTest
test00007(RegressionTest0)  Time elapsed: 0.003 sec  <<< FAILURE!
java.lang.AssertionError: 'true' != 'false' expected:<true> but was:<false>
	at RegressionTest0.test00007(RegressionTest0.java:64)

test00011(RegressionTest0)  Time elapsed: 0 sec  <<< FAILURE!
java.lang.AssertionError: 'true' != 'false' expected:<true> but was:<false>
	at RegressionTest0.test00011(RegressionTest0.java:96)

test00033(RegressionTest0)  Time elapsed: 0 sec  <<< FAILURE!
java.lang.AssertionError: 'true' != 'false' expected:<true> but was:<false>
	at RegressionTest0.test00033(RegressionTest0.java:273)

test00042(RegressionTest0)  Time elapsed: 0 sec  <<< FAILURE!
java.lang.AssertionError: 'true' != 'false' expected:<true> but was:<false>
	at RegressionTest0.test00042(RegressionTest0.java:345)

test00087(RegressionTest0)  Time elapsed: 0 sec  <<< FAILURE!
java.lang.AssertionError: 'true' != 'false' expected:<true> but was:<false>
	at RegressionTest0.test00087(RegressionTest0.java:705)

test00091(RegressionTest0)  Time elapsed: 0 sec  <<< FAILURE!
java.lang.AssertionError: 'true' != 'false' expected:<true> but was:<false>
	at RegressionTest0.test00091(RegressionTest0.java:737)

test00096(RegressionTest0)  Time elapsed: 0 sec  <<< FAILURE!
java.lang.AssertionError: 'true' != 'false' expected:<true> but was:<false>
	at RegressionTest0.test00096(RegressionTest0.java:777)

test00147(RegressionTest0)  Time elapsed: 0 sec  <<< FAILURE!
java.lang.AssertionError: 'true' != 'false' expected:<true> but was:<false>
	at RegressionTest0.test00147(RegressionTest0.java:1185)

test00152(RegressionTest0)  Time elapsed: 0 sec  <<< FAILURE!
java.lang.AssertionError: 'true' != 'false' expected:<true> but was:<false>
	at RegressionTest0.test00152(RegressionTest0.java:1225)

test00155(RegressionTest0)  Time elapsed: 0 sec  <<< FAILURE!
java.lang.AssertionError: 'true' != 'false' expected:<true> but was:<false>
	at RegressionTest0.test00155(RegressionTest0.java:1249)

test00167(RegressionTest0)  Time elapsed: 0 sec  <<< FAILURE!
java.lang.AssertionError: 'true' != 'false' expected:<true> but was:<false>
	at RegressionTest0.test00167(RegressionTest0.java:1345)

test00192(RegressionTest0)  Time elapsed: 0 sec  <<< FAILURE!
java.lang.AssertionError: 'true' != 'false' expected:<true> but was:<false>
	at RegressionTest0.test00192(RegressionTest0.java:1545)

test00224(RegressionTest0)  Time elapsed: 0 sec  <<< FAILURE!
java.lang.AssertionError: 'true' != 'false' expected:<true> but was:<false>
	at RegressionTest0.test00224(RegressionTest0.java:1801)

test00225(RegressionTest0)  Time elapsed: 0 sec  <<< FAILURE!
java.lang.AssertionError: 'true' != 'false' expected:<true> but was:<false>
	at RegressionTest0.test00225(RegressionTest0.java:1809)

test00228(RegressionTest0)  Time elapsed: 0 sec  <<< FAILURE!
java.lang.AssertionError: 'true' != 'false' expected:<true> but was:<false>
	at RegressionTest0.test00228(RegressionTest0.java:1833)

test00240(RegressionTest0)  Time elapsed: 0 sec  <<< FAILURE!
java.lang.AssertionError: 'true' != 'false' expected:<true> but was:<false>
	at RegressionTest0.test00240(RegressionTest0.java:1929)

test00261(RegressionTest0)  Time elapsed: 0 sec  <<< FAILURE!
java.lang.AssertionError: 'true' != 'false' expected:<true> but was:<false>
	at RegressionTest0.test00261(RegressionTest0.java:2097)

test00302(RegressionTest0)  Time elapsed: 0.001 sec  <<< FAILURE!
java.lang.AssertionError: 'true' != 'false' expected:<true> but was:<false>
	at RegressionTest0.test00302(RegressionTest0.java:2425)

test00318(RegressionTest0)  Time elapsed: 0 sec  <<< FAILURE!
java.lang.AssertionError: 'true' != 'false' expected:<true> but was:<false>
	at RegressionTest0.test00318(RegressionTest0.java:2553)

test00346(RegressionTest0)  Time elapsed: 0 sec  <<< FAILURE!
java.lang.AssertionError: 'true' != 'false' expected:<true> but was:<false>
	at RegressionTest0.test00346(RegressionTest0.java:2777)

test00367(RegressionTest0)  Time elapsed: 0 sec  <<< FAILURE!
java.lang.AssertionError: 'true' != 'false' expected:<true> but was:<false>
	at RegressionTest0.test00367(RegressionTest0.java:2945)

test00389(RegressionTest0)  Time elapsed: 0 sec  <<< FAILURE!
java.lang.AssertionError: 'true' != 'false' expected:<true> but was:<false>
	at RegressionTest0.test00389(RegressionTest0.java:3121)

test00415(RegressionTest0)  Time elapsed: 0 sec  <<< FAILURE!
java.lang.AssertionError: 'true' != 'false' expected:<true> but was:<false>
	at RegressionTest0.test00415(RegressionTest0.java:3329)

test00427(RegressionTest0)  Time elapsed: 0.001 sec  <<< FAILURE!
java.lang.AssertionError: 'true' != 'false' expected:<true> but was:<false>
	at RegressionTest0.test00427(RegressionTest0.java:3425)

test00436(RegressionTest0)  Time elapsed: 0 sec  <<< FAILURE!
java.lang.AssertionError: 'true' != 'false' expected:<true> but was:<false>
	at RegressionTest0.test00436(RegressionTest0.java:3497)

test00458(RegressionTest0)  Time elapsed: 0 sec  <<< FAILURE!
java.lang.AssertionError: 'true' != 'false' expected:<true> but was:<false>
	at RegressionTest0.test00458(RegressionTest0.java:3673)

test00469(RegressionTest0)  Time elapsed: 0 sec  <<< FAILURE!
java.lang.AssertionError: 'true' != 'false' expected:<true> but was:<false>
	at RegressionTest0.test00469(RegressionTest0.java:3761)

test00480(RegressionTest0)  Time elapsed: 0 sec  <<< FAILURE!
java.lang.AssertionError: 'true' != 'false' expected:<true> but was:<false>
	at RegressionTest0.test00480(RegressionTest0.java:3849)

test00483(RegressionTest0)  Time elapsed: 0 sec  <<< FAILURE!
java.lang.AssertionError: 'true' != 'false' expected:<true> but was:<false>
	at RegressionTest0.test00483(RegressionTest0.java:3873)

test00492(RegressionTest0)  Time elapsed: 0 sec  <<< FAILURE!
java.lang.AssertionError: 'true' != 'false' expected:<true> but was:<false>
	at RegressionTest0.test00492(RegressionTest0.java:3945)

test00518(RegressionTest1)  Time elapsed: 0.001 sec  <<< FAILURE!
java.lang.AssertionError: 'true' != 'false' expected:<true> but was:<false>
	at RegressionTest1.test00518(RegressionTest1.java:151)

test00533(RegressionTest1)  Time elapsed: 0 sec  <<< FAILURE!
java.lang.AssertionError: 'true' != 'false' expected:<true> but was:<false>
	at RegressionTest1.test00533(RegressionTest1.java:271)

test00537(RegressionTest1)  Time elapsed: 0 sec  <<< FAILURE!
java.lang.AssertionError: 'true' != 'false' expected:<true> but was:<false>
	at RegressionTest1.test00537(RegressionTest1.java:303)

test00541(RegressionTest1)  Time elapsed: 0 sec  <<< FAILURE!
java.lang.AssertionError: 'true' != 'false' expected:<true> but was:<false>
	at RegressionTest1.test00541(RegressionTest1.java:335)

test00589(RegressionTest1)  Time elapsed: 0 sec  <<< FAILURE!
java.lang.AssertionError: 'true' != 'false' expected:<true> but was:<false>
	at RegressionTest1.test00589(RegressionTest1.java:719)

test00596(RegressionTest1)  Time elapsed: 0 sec  <<< FAILURE!
java.lang.AssertionError: 'true' != 'false' expected:<true> but was:<false>
	at RegressionTest1.test00596(RegressionTest1.java:775)

test00604(RegressionTest1)  Time elapsed: 0 sec  <<< FAILURE!
java.lang.AssertionError: 'true' != 'false' expected:<true> but was:<false>
	at RegressionTest1.test00604(RegressionTest1.java:839)

test00623(RegressionTest1)  Time elapsed: 0 sec  <<< FAILURE!
java.lang.AssertionError: 'true' != 'false' expected:<true> but was:<false>
	at RegressionTest1.test00623(RegressionTest1.java:991)

test00630(RegressionTest1)  Time elapsed: 0 sec  <<< FAILURE!
java.lang.AssertionError: 'true' != 'false' expected:<true> but was:<false>
	at RegressionTest1.test00630(RegressionTest1.java:1047)

test00650(RegressionTest1)  Time elapsed: 0.001 sec  <<< FAILURE!
java.lang.AssertionError: 'true' != 'false' expected:<true> but was:<false>
	at RegressionTest1.test00650(RegressionTest1.java:1207)

test00670(RegressionTest1)  Time elapsed: 0.001 sec  <<< FAILURE!
java.lang.AssertionError: 'true' != 'false' expected:<true> but was:<false>
	at RegressionTest1.test00670(RegressionTest1.java:1367)

test00682(RegressionTest1)  Time elapsed: 0 sec  <<< FAILURE!
java.lang.AssertionError: 'true' != 'false' expected:<true> but was:<false>
	at RegressionTest1.test00682(RegressionTest1.java:1463)

test00699(RegressionTest1)  Time elapsed: 0 sec  <<< FAILURE!
java.lang.AssertionError: 'true' != 'false' expected:<true> but was:<false>
	at RegressionTest1.test00699(RegressionTest1.java:1599)

test00702(RegressionTest1)  Time elapsed: 0 sec  <<< FAILURE!
java.lang.AssertionError: 'true' != 'false' expected:<true> but was:<false>
	at RegressionTest1.test00702(RegressionTest1.java:1623)

test00720(RegressionTest1)  Time elapsed: 0.001 sec  <<< FAILURE!
java.lang.AssertionError: 'true' != 'false' expected:<true> but was:<false>
	at RegressionTest1.test00720(RegressionTest1.java:1767)

test00724(RegressionTest1)  Time elapsed: 0 sec  <<< FAILURE!
java.lang.AssertionError: 'true' != 'false' expected:<true> but was:<false>
	at RegressionTest1.test00724(RegressionTest1.java:1799)

test00777(RegressionTest1)  Time elapsed: 0 sec  <<< FAILURE!
java.lang.AssertionError: 'true' != 'false' expected:<true> but was:<false>
	at RegressionTest1.test00777(RegressionTest1.java:2223)

test00818(RegressionTest1)  Time elapsed: 0 sec  <<< FAILURE!
java.lang.AssertionError: 'true' != 'false' expected:<true> but was:<false>
	at RegressionTest1.test00818(RegressionTest1.java:2551)

test00828(RegressionTest1)  Time elapsed: 0 sec  <<< FAILURE!
java.lang.AssertionError: 'true' != 'false' expected:<true> but was:<false>
	at RegressionTest1.test00828(RegressionTest1.java:2631)

test00835(RegressionTest1)  Time elapsed: 0 sec  <<< FAILURE!
java.lang.AssertionError: 'true' != 'false' expected:<true> but was:<false>
	at RegressionTest1.test00835(RegressionTest1.java:2687)

test00836(RegressionTest1)  Time elapsed: 0 sec  <<< FAILURE!
java.lang.AssertionError: 'true' != 'false' expected:<true> but was:<false>
	at RegressionTest1.test00836(RegressionTest1.java:2695)

test00842(RegressionTest1)  Time elapsed: 0 sec  <<< FAILURE!
java.lang.AssertionError: 'true' != 'false' expected:<true> but was:<false>
	at RegressionTest1.test00842(RegressionTest1.java:2743)

test00853(RegressionTest1)  Time elapsed: 0 sec  <<< FAILURE!
java.lang.AssertionError: 'true' != 'false' expected:<true> but was:<false>
	at RegressionTest1.test00853(RegressionTest1.java:2831)

test00857(RegressionTest1)  Time elapsed: 0 sec  <<< FAILURE!
java.lang.AssertionError: 'true' != 'false' expected:<true> but was:<false>
	at RegressionTest1.test00857(RegressionTest1.java:2863)

test00863(RegressionTest1)  Time elapsed: 0 sec  <<< FAILURE!
java.lang.AssertionError: 'true' != 'false' expected:<true> but was:<false>
	at RegressionTest1.test00863(RegressionTest1.java:2911)

test00865(RegressionTest1)  Time elapsed: 0 sec  <<< FAILURE!
java.lang.AssertionError: 'true' != 'false' expected:<true> but was:<false>
	at RegressionTest1.test00865(RegressionTest1.java:2927)

test00920(RegressionTest1)  Time elapsed: 0 sec  <<< FAILURE!
java.lang.AssertionError: 'true' != 'false' expected:<true> but was:<false>
	at RegressionTest1.test00920(RegressionTest1.java:3367)

test00924(RegressionTest1)  Time elapsed: 0 sec  <<< FAILURE!
java.lang.AssertionError: 'true' != 'false' expected:<true> but was:<false>
	at RegressionTest1.test00924(RegressionTest1.java:3399)

test00934(RegressionTest1)  Time elapsed: 0 sec  <<< FAILURE!
java.lang.AssertionError: 'true' != 'false' expected:<true> but was:<false>
	at RegressionTest1.test00934(RegressionTest1.java:3479)

test00936(RegressionTest1)  Time elapsed: 0 sec  <<< FAILURE!
java.lang.AssertionError: 'true' != 'false' expected:<true> but was:<false>
	at RegressionTest1.test00936(RegressionTest1.java:3495)

test00945(RegressionTest1)  Time elapsed: 0 sec  <<< FAILURE!
java.lang.AssertionError: 'true' != 'false' expected:<true> but was:<false>
	at RegressionTest1.test00945(RegressionTest1.java:3567)

test00946(RegressionTest1)  Time elapsed: 0.001 sec  <<< FAILURE!
java.lang.AssertionError: 'true' != 'false' expected:<true> but was:<false>
	at RegressionTest1.test00946(RegressionTest1.java:3575)

test00968(RegressionTest1)  Time elapsed: 0 sec  <<< FAILURE!
java.lang.AssertionError: 'true' != 'false' expected:<true> but was:<false>
	at RegressionTest1.test00968(RegressionTest1.java:3751)

test00984(RegressionTest1)  Time elapsed: 0 sec  <<< FAILURE!
java.lang.AssertionError: 'true' != 'false' expected:<true> but was:<false>
	at RegressionTest1.test00984(RegressionTest1.java:3879)

test00997(RegressionTest1)  Time elapsed: 0 sec  <<< FAILURE!
java.lang.AssertionError: 'true' != 'false' expected:<true> but was:<false>
	at RegressionTest1.test00997(RegressionTest1.java:3983)

test01018(RegressionTest2)  Time elapsed: 0 sec  <<< FAILURE!
java.lang.AssertionError: 'true' != 'false' expected:<true> but was:<false>
	at RegressionTest2.test01018(RegressionTest2.java:151)

test01039(RegressionTest2)  Time elapsed: 0 sec  <<< FAILURE!
java.lang.AssertionError: 'true' != 'false' expected:<true> but was:<false>
	at RegressionTest2.test01039(RegressionTest2.java:319)

test01041(RegressionTest2)  Time elapsed: 0 sec  <<< FAILURE!
java.lang.AssertionError: 'true' != 'false' expected:<true> but was:<false>
	at RegressionTest2.test01041(RegressionTest2.java:335)

test01047(RegressionTest2)  Time elapsed: 0 sec  <<< FAILURE!
java.lang.AssertionError: 'true' != 'false' expected:<true> but was:<false>
	at RegressionTest2.test01047(RegressionTest2.java:383)

test01153(RegressionTest2)  Time elapsed: 0 sec  <<< FAILURE!
java.lang.AssertionError: 'true' != 'false' expected:<true> but was:<false>
	at RegressionTest2.test01153(RegressionTest2.java:1231)

test01164(RegressionTest2)  Time elapsed: 0 sec  <<< FAILURE!
java.lang.AssertionError: 'true' != 'false' expected:<true> but was:<false>
	at RegressionTest2.test01164(RegressionTest2.java:1319)

test01176(RegressionTest2)  Time elapsed: 0 sec  <<< FAILURE!
java.lang.AssertionError: 'true' != 'false' expected:<true> but was:<false>
	at RegressionTest2.test01176(RegressionTest2.java:1415)

test01183(RegressionTest2)  Time elapsed: 0 sec  <<< FAILURE!
java.lang.AssertionError: 'true' != 'false' expected:<true> but was:<false>
	at RegressionTest2.test01183(RegressionTest2.java:1471)

test01184(RegressionTest2)  Time elapsed: 0 sec  <<< FAILURE!
java.lang.AssertionError: 'true' != 'false' expected:<true> but was:<false>
	at RegressionTest2.test01184(RegressionTest2.java:1479)

test01190(RegressionTest2)  Time elapsed: 0 sec  <<< FAILURE!
java.lang.AssertionError: 'true' != 'false' expected:<true> but was:<false>
	at RegressionTest2.test01190(RegressionTest2.java:1527)

test01209(RegressionTest2)  Time elapsed: 0 sec  <<< FAILURE!
java.lang.AssertionError: 'true' != 'false' expected:<true> but was:<false>
	at RegressionTest2.test01209(RegressionTest2.java:1679)

test01222(RegressionTest2)  Time elapsed: 0 sec  <<< FAILURE!
java.lang.AssertionError: 'true' != 'false' expected:<true> but was:<false>
	at RegressionTest2.test01222(RegressionTest2.java:1783)

test01226(RegressionTest2)  Time elapsed: 0 sec  <<< FAILURE!
java.lang.AssertionError: 'true' != 'false' expected:<true> but was:<false>
	at RegressionTest2.test01226(RegressionTest2.java:1815)

test01231(RegressionTest2)  Time elapsed: 0 sec  <<< FAILURE!
java.lang.AssertionError: 'true' != 'false' expected:<true> but was:<false>
	at RegressionTest2.test01231(RegressionTest2.java:1855)

test01244(RegressionTest2)  Time elapsed: 0 sec  <<< FAILURE!
java.lang.AssertionError: 'true' != 'false' expected:<true> but was:<false>
	at RegressionTest2.test01244(RegressionTest2.java:1959)

test01248(RegressionTest2)  Time elapsed: 0 sec  <<< FAILURE!
java.lang.AssertionError: 'true' != 'false' expected:<true> but was:<false>
	at RegressionTest2.test01248(RegressionTest2.java:1991)

test01291(RegressionTest2)  Time elapsed: 0.001 sec  <<< FAILURE!
java.lang.AssertionError: 'true' != 'false' expected:<true> but was:<false>
	at RegressionTest2.test01291(RegressionTest2.java:2335)

test01311(RegressionTest2)  Time elapsed: 0 sec  <<< FAILURE!
java.lang.AssertionError: 'true' != 'false' expected:<true> but was:<false>
	at RegressionTest2.test01311(RegressionTest2.java:2495)

test01326(RegressionTest2)  Time elapsed: 0 sec  <<< FAILURE!
java.lang.AssertionError: 'true' != 'false' expected:<true> but was:<false>
	at RegressionTest2.test01326(RegressionTest2.java:2615)

test01327(RegressionTest2)  Time elapsed: 0 sec  <<< FAILURE!
java.lang.AssertionError: 'true' != 'false' expected:<true> but was:<false>
	at RegressionTest2.test01327(RegressionTest2.java:2623)

test01342(RegressionTest2)  Time elapsed: 0 sec  <<< FAILURE!
java.lang.AssertionError: 'true' != 'false' expected:<true> but was:<false>
	at RegressionTest2.test01342(RegressionTest2.java:2743)

test01371(RegressionTest2)  Time elapsed: 0 sec  <<< FAILURE!
java.lang.AssertionError: 'true' != 'false' expected:<true> but was:<false>
	at RegressionTest2.test01371(RegressionTest2.java:2975)

test01390(RegressionTest2)  Time elapsed: 0 sec  <<< FAILURE!
java.lang.AssertionError: 'true' != 'false' expected:<true> but was:<false>
	at RegressionTest2.test01390(RegressionTest2.java:3127)

test01398(RegressionTest2)  Time elapsed: 0 sec  <<< FAILURE!
java.lang.AssertionError: 'true' != 'false' expected:<true> but was:<false>
	at RegressionTest2.test01398(RegressionTest2.java:3191)

test01423(RegressionTest2)  Time elapsed: 0 sec  <<< FAILURE!
java.lang.AssertionError: 'true' != 'false' expected:<true> but was:<false>
	at RegressionTest2.test01423(RegressionTest2.java:3391)

test01425(RegressionTest2)  Time elapsed: 0.001 sec  <<< FAILURE!
java.lang.AssertionError: 'true' != 'false' expected:<true> but was:<false>
	at RegressionTest2.test01425(RegressionTest2.java:3407)

test01453(RegressionTest2)  Time elapsed: 0 sec  <<< FAILURE!
java.lang.AssertionError: 'true' != 'false' expected:<true> but was:<false>
	at RegressionTest2.test01453(RegressionTest2.java:3631)

test01508(RegressionTest3)  Time elapsed: 0 sec  <<< FAILURE!
java.lang.AssertionError: 'true' != 'false' expected:<true> but was:<false>
	at RegressionTest3.test01508(RegressionTest3.java:71)

test01525(RegressionTest3)  Time elapsed: 0 sec  <<< FAILURE!
java.lang.AssertionError: 'true' != 'false' expected:<true> but was:<false>
	at RegressionTest3.test01525(RegressionTest3.java:207)

test01544(RegressionTest3)  Time elapsed: 0 sec  <<< FAILURE!
java.lang.AssertionError: 'true' != 'false' expected:<true> but was:<false>
	at RegressionTest3.test01544(RegressionTest3.java:359)

test01576(RegressionTest3)  Time elapsed: 0 sec  <<< FAILURE!
java.lang.AssertionError: 'true' != 'false' expected:<true> but was:<false>
	at RegressionTest3.test01576(RegressionTest3.java:615)

test01600(RegressionTest3)  Time elapsed: 0 sec  <<< FAILURE!
java.lang.AssertionError: 'true' != 'false' expected:<true> but was:<false>
	at RegressionTest3.test01600(RegressionTest3.java:807)

test01644(RegressionTest3)  Time elapsed: 0 sec  <<< FAILURE!
java.lang.AssertionError: 'true' != 'false' expected:<true> but was:<false>
	at RegressionTest3.test01644(RegressionTest3.java:1159)

test01681(RegressionTest3)  Time elapsed: 0 sec  <<< FAILURE!
java.lang.AssertionError: 'true' != 'false' expected:<true> but was:<false>
	at RegressionTest3.test01681(RegressionTest3.java:1455)

test01693(RegressionTest3)  Time elapsed: 0 sec  <<< FAILURE!
java.lang.AssertionError: 'true' != 'false' expected:<true> but was:<false>
	at RegressionTest3.test01693(RegressionTest3.java:1551)

test01709(RegressionTest3)  Time elapsed: 0 sec  <<< FAILURE!
java.lang.AssertionError: 'true' != 'false' expected:<true> but was:<false>
	at RegressionTest3.test01709(RegressionTest3.java:1679)

test01736(RegressionTest3)  Time elapsed: 0 sec  <<< FAILURE!
java.lang.AssertionError: 'true' != 'false' expected:<true> but was:<false>
	at RegressionTest3.test01736(RegressionTest3.java:1895)

test01761(RegressionTest3)  Time elapsed: 0 sec  <<< FAILURE!
java.lang.AssertionError: 'true' != 'false' expected:<true> but was:<false>
	at RegressionTest3.test01761(RegressionTest3.java:2095)

test01801(RegressionTest3)  Time elapsed: 0 sec  <<< FAILURE!
java.lang.AssertionError: 'true' != 'false' expected:<true> but was:<false>
	at RegressionTest3.test01801(RegressionTest3.java:2415)

test01806(RegressionTest3)  Time elapsed: 0 sec  <<< FAILURE!
java.lang.AssertionError: 'true' != 'false' expected:<true> but was:<false>
	at RegressionTest3.test01806(RegressionTest3.java:2455)

test01817(RegressionTest3)  Time elapsed: 0 sec  <<< FAILURE!
java.lang.AssertionError: 'true' != 'false' expected:<true> but was:<false>
	at RegressionTest3.test01817(RegressionTest3.java:2543)

test01819(RegressionTest3)  Time elapsed: 0 sec  <<< FAILURE!
java.lang.AssertionError: 'true' != 'false' expected:<true> but was:<false>
	at RegressionTest3.test01819(RegressionTest3.java:2559)

test01838(RegressionTest3)  Time elapsed: 0.001 sec  <<< FAILURE!
java.lang.AssertionError: 'true' != 'false' expected:<true> but was:<false>
	at RegressionTest3.test01838(RegressionTest3.java:2711)

test01843(RegressionTest3)  Time elapsed: 0 sec  <<< FAILURE!
java.lang.AssertionError: 'true' != 'false' expected:<true> but was:<false>
	at RegressionTest3.test01843(RegressionTest3.java:2751)

test01845(RegressionTest3)  Time elapsed: 0 sec  <<< FAILURE!
java.lang.AssertionError: 'true' != 'false' expected:<true> but was:<false>
	at RegressionTest3.test01845(RegressionTest3.java:2767)

test01889(RegressionTest3)  Time elapsed: 0 sec  <<< FAILURE!
java.lang.AssertionError: 'true' != 'false' expected:<true> but was:<false>
	at RegressionTest3.test01889(RegressionTest3.java:3119)

test01897(RegressionTest3)  Time elapsed: 0 sec  <<< FAILURE!
java.lang.AssertionError: 'true' != 'false' expected:<true> but was:<false>
	at RegressionTest3.test01897(RegressionTest3.java:3183)

test01931(RegressionTest3)  Time elapsed: 0 sec  <<< FAILURE!
java.lang.AssertionError: 'true' != 'false' expected:<true> but was:<false>
	at RegressionTest3.test01931(RegressionTest3.java:3455)

test01964(RegressionTest3)  Time elapsed: 0 sec  <<< FAILURE!
java.lang.AssertionError: 'true' != 'false' expected:<true> but was:<false>
	at RegressionTest3.test01964(RegressionTest3.java:3719)

test01972(RegressionTest3)  Time elapsed: 0 sec  <<< FAILURE!
java.lang.AssertionError: 'true' != 'false' expected:<true> but was:<false>
	at RegressionTest3.test01972(RegressionTest3.java:3783)

test02007(RegressionTest4)  Time elapsed: 0 sec  <<< FAILURE!
java.lang.AssertionError: 'true' != 'false' expected:<true> but was:<false>
	at RegressionTest4.test02007(RegressionTest4.java:63)

test02014(RegressionTest4)  Time elapsed: 0 sec  <<< FAILURE!
java.lang.AssertionError: 'true' != 'false' expected:<true> but was:<false>
	at RegressionTest4.test02014(RegressionTest4.java:119)

test02018(RegressionTest4)  Time elapsed: 0 sec  <<< FAILURE!
java.lang.AssertionError: 'true' != 'false' expected:<true> but was:<false>
	at RegressionTest4.test02018(RegressionTest4.java:151)

test02031(RegressionTest4)  Time elapsed: 0 sec  <<< FAILURE!
java.lang.AssertionError: 'true' != 'false' expected:<true> but was:<false>
	at RegressionTest4.test02031(RegressionTest4.java:255)

test02040(RegressionTest4)  Time elapsed: 0 sec  <<< FAILURE!
java.lang.AssertionError: 'true' != 'false' expected:<true> but was:<false>
	at RegressionTest4.test02040(RegressionTest4.java:327)

test02047(RegressionTest4)  Time elapsed: 0 sec  <<< FAILURE!
java.lang.AssertionError: 'true' != 'false' expected:<true> but was:<false>
	at RegressionTest4.test02047(RegressionTest4.java:383)

test02064(RegressionTest4)  Time elapsed: 0 sec  <<< FAILURE!
java.lang.AssertionError: 'true' != 'false' expected:<true> but was:<false>
	at RegressionTest4.test02064(RegressionTest4.java:519)

test02085(RegressionTest4)  Time elapsed: 0 sec  <<< FAILURE!
java.lang.AssertionError: 'true' != 'false' expected:<true> but was:<false>
	at RegressionTest4.test02085(RegressionTest4.java:687)

test02099(RegressionTest4)  Time elapsed: 0 sec  <<< FAILURE!
java.lang.AssertionError: 'true' != 'false' expected:<true> but was:<false>
	at RegressionTest4.test02099(RegressionTest4.java:799)

test02111(RegressionTest4)  Time elapsed: 0 sec  <<< FAILURE!
java.lang.AssertionError: 'true' != 'false' expected:<true> but was:<false>
	at RegressionTest4.test02111(RegressionTest4.java:895)

test02114(RegressionTest4)  Time elapsed: 0 sec  <<< FAILURE!
java.lang.AssertionError: 'true' != 'false' expected:<true> but was:<false>
	at RegressionTest4.test02114(RegressionTest4.java:919)

test02118(RegressionTest4)  Time elapsed: 0 sec  <<< FAILURE!
java.lang.AssertionError: 'true' != 'false' expected:<true> but was:<false>
	at RegressionTest4.test02118(RegressionTest4.java:951)

test02150(RegressionTest4)  Time elapsed: 0 sec  <<< FAILURE!
java.lang.AssertionError: 'true' != 'false' expected:<true> but was:<false>
	at RegressionTest4.test02150(RegressionTest4.java:1207)

test02157(RegressionTest4)  Time elapsed: 0 sec  <<< FAILURE!
java.lang.AssertionError: 'true' != 'false' expected:<true> but was:<false>
	at RegressionTest4.test02157(RegressionTest4.java:1263)

test02184(RegressionTest4)  Time elapsed: 0 sec  <<< FAILURE!
java.lang.AssertionError: 'true' != 'false' expected:<true> but was:<false>
	at RegressionTest4.test02184(RegressionTest4.java:1479)

test02219(RegressionTest4)  Time elapsed: 0 sec  <<< FAILURE!
java.lang.AssertionError: 'true' != 'false' expected:<true> but was:<false>
	at RegressionTest4.test02219(RegressionTest4.java:1759)

test02233(RegressionTest4)  Time elapsed: 0 sec  <<< FAILURE!
java.lang.AssertionError: 'true' != 'false' expected:<true> but was:<false>
	at RegressionTest4.test02233(RegressionTest4.java:1871)

test02238(RegressionTest4)  Time elapsed: 0 sec  <<< FAILURE!
java.lang.AssertionError: 'true' != 'false' expected:<true> but was:<false>
	at RegressionTest4.test02238(RegressionTest4.java:1911)

test02239(RegressionTest4)  Time elapsed: 0 sec  <<< FAILURE!
java.lang.AssertionError: 'true' != 'false' expected:<true> but was:<false>
	at RegressionTest4.test02239(RegressionTest4.java:1919)

test02254(RegressionTest4)  Time elapsed: 0 sec  <<< FAILURE!
java.lang.AssertionError: 'true' != 'false' expected:<true> but was:<false>
	at RegressionTest4.test02254(RegressionTest4.java:2039)

test02275(RegressionTest4)  Time elapsed: 0 sec  <<< FAILURE!
java.lang.AssertionError: 'true' != 'false' expected:<true> but was:<false>
	at RegressionTest4.test02275(RegressionTest4.java:2207)

test02276(RegressionTest4)  Time elapsed: 0 sec  <<< FAILURE!
java.lang.AssertionError: 'true' != 'false' expected:<true> but was:<false>
	at RegressionTest4.test02276(RegressionTest4.java:2215)

test02330(RegressionTest4)  Time elapsed: 0 sec  <<< FAILURE!
java.lang.AssertionError: 'true' != 'false' expected:<true> but was:<false>
	at RegressionTest4.test02330(RegressionTest4.java:2647)

test02351(RegressionTest4)  Time elapsed: 0.001 sec  <<< FAILURE!
java.lang.AssertionError: 'true' != 'false' expected:<true> but was:<false>
	at RegressionTest4.test02351(RegressionTest4.java:2815)

test02363(RegressionTest4)  Time elapsed: 0 sec  <<< FAILURE!
java.lang.AssertionError: 'true' != 'false' expected:<true> but was:<false>
	at RegressionTest4.test02363(RegressionTest4.java:2911)

test02395(RegressionTest4)  Time elapsed: 0 sec  <<< FAILURE!
java.lang.AssertionError: 'true' != 'false' expected:<true> but was:<false>
	at RegressionTest4.test02395(RegressionTest4.java:3167)

test02405(RegressionTest4)  Time elapsed: 0 sec  <<< FAILURE!
java.lang.AssertionError: 'true' != 'false' expected:<true> but was:<false>
	at RegressionTest4.test02405(RegressionTest4.java:3247)

test02419(RegressionTest4)  Time elapsed: 0.001 sec  <<< FAILURE!
java.lang.AssertionError: 'true' != 'false' expected:<true> but was:<false>
	at RegressionTest4.test02419(RegressionTest4.java:3359)

test02439(RegressionTest4)  Time elapsed: 0 sec  <<< FAILURE!
java.lang.AssertionError: 'true' != 'false' expected:<true> but was:<false>
	at RegressionTest4.test02439(RegressionTest4.java:3519)

test02477(RegressionTest4)  Time elapsed: 0 sec  <<< FAILURE!
java.lang.AssertionError: 'true' != 'false' expected:<true> but was:<false>
	at RegressionTest4.test02477(RegressionTest4.java:3823)

test02509(RegressionTest5)  Time elapsed: 0 sec  <<< FAILURE!
java.lang.AssertionError: 'true' != 'false' expected:<true> but was:<false>
	at RegressionTest5.test02509(RegressionTest5.java:79)

test02531(RegressionTest5)  Time elapsed: 0 sec  <<< FAILURE!
java.lang.AssertionError: 'true' != 'false' expected:<true> but was:<false>
	at RegressionTest5.test02531(RegressionTest5.java:255)

test02549(RegressionTest5)  Time elapsed: 0 sec  <<< FAILURE!
java.lang.AssertionError: 'true' != 'false' expected:<true> but was:<false>
	at RegressionTest5.test02549(RegressionTest5.java:399)

test02562(RegressionTest5)  Time elapsed: 0 sec  <<< FAILURE!
java.lang.AssertionError: 'true' != 'false' expected:<true> but was:<false>
	at RegressionTest5.test02562(RegressionTest5.java:503)

test02570(RegressionTest5)  Time elapsed: 0 sec  <<< FAILURE!
java.lang.AssertionError: 'true' != 'false' expected:<true> but was:<false>
	at RegressionTest5.test02570(RegressionTest5.java:567)

test02586(RegressionTest5)  Time elapsed: 0 sec  <<< FAILURE!
java.lang.AssertionError: 'true' != 'false' expected:<true> but was:<false>
	at RegressionTest5.test02586(RegressionTest5.java:695)

test02627(RegressionTest5)  Time elapsed: 0 sec  <<< FAILURE!
java.lang.AssertionError: 'true' != 'false' expected:<true> but was:<false>
	at RegressionTest5.test02627(RegressionTest5.java:1023)

test02646(RegressionTest5)  Time elapsed: 0 sec  <<< FAILURE!
java.lang.AssertionError: 'true' != 'false' expected:<true> but was:<false>
	at RegressionTest5.test02646(RegressionTest5.java:1175)

test02656(RegressionTest5)  Time elapsed: 0 sec  <<< FAILURE!
java.lang.AssertionError: 'true' != 'false' expected:<true> but was:<false>
	at RegressionTest5.test02656(RegressionTest5.java:1255)

test02671(RegressionTest5)  Time elapsed: 0 sec  <<< FAILURE!
java.lang.AssertionError: 'true' != 'false' expected:<true> but was:<false>
	at RegressionTest5.test02671(RegressionTest5.java:1375)

test02679(RegressionTest5)  Time elapsed: 0 sec  <<< FAILURE!
java.lang.AssertionError: 'true' != 'false' expected:<true> but was:<false>
	at RegressionTest5.test02679(RegressionTest5.java:1439)

test02710(RegressionTest5)  Time elapsed: 0.001 sec  <<< FAILURE!
java.lang.AssertionError: 'true' != 'false' expected:<true> but was:<false>
	at RegressionTest5.test02710(RegressionTest5.java:1687)

test02713(RegressionTest5)  Time elapsed: 0 sec  <<< FAILURE!
java.lang.AssertionError: 'true' != 'false' expected:<true> but was:<false>
	at RegressionTest5.test02713(RegressionTest5.java:1711)

test02756(RegressionTest5)  Time elapsed: 0 sec  <<< FAILURE!
java.lang.AssertionError: 'true' != 'false' expected:<true> but was:<false>
	at RegressionTest5.test02756(RegressionTest5.java:2055)

test02765(RegressionTest5)  Time elapsed: 0 sec  <<< FAILURE!
java.lang.AssertionError: 'true' != 'false' expected:<true> but was:<false>
	at RegressionTest5.test02765(RegressionTest5.java:2127)

test02777(RegressionTest5)  Time elapsed: 0 sec  <<< FAILURE!
java.lang.AssertionError: 'true' != 'false' expected:<true> but was:<false>
	at RegressionTest5.test02777(RegressionTest5.java:2223)

test02788(RegressionTest5)  Time elapsed: 0 sec  <<< FAILURE!
java.lang.AssertionError: 'true' != 'false' expected:<true> but was:<false>
	at RegressionTest5.test02788(RegressionTest5.java:2311)

test02799(RegressionTest5)  Time elapsed: 0 sec  <<< FAILURE!
java.lang.AssertionError: 'true' != 'false' expected:<true> but was:<false>
	at RegressionTest5.test02799(RegressionTest5.java:2399)

test02823(RegressionTest5)  Time elapsed: 0 sec  <<< FAILURE!
java.lang.AssertionError: 'true' != 'false' expected:<true> but was:<false>
	at RegressionTest5.test02823(RegressionTest5.java:2591)

test02829(RegressionTest5)  Time elapsed: 0 sec  <<< FAILURE!
java.lang.AssertionError: 'true' != 'false' expected:<true> but was:<false>
	at RegressionTest5.test02829(RegressionTest5.java:2639)

test02830(RegressionTest5)  Time elapsed: 0 sec  <<< FAILURE!
java.lang.AssertionError: 'true' != 'false' expected:<true> but was:<false>
	at RegressionTest5.test02830(RegressionTest5.java:2647)

test02834(RegressionTest5)  Time elapsed: 0.001 sec  <<< FAILURE!
java.lang.AssertionError: 'true' != 'false' expected:<true> but was:<false>
	at RegressionTest5.test02834(RegressionTest5.java:2679)

test02836(RegressionTest5)  Time elapsed: 0 sec  <<< FAILURE!
java.lang.AssertionError: 'true' != 'false' expected:<true> but was:<false>
	at RegressionTest5.test02836(RegressionTest5.java:2695)

test02847(RegressionTest5)  Time elapsed: 0 sec  <<< FAILURE!
java.lang.AssertionError: 'true' != 'false' expected:<true> but was:<false>
	at RegressionTest5.test02847(RegressionTest5.java:2783)

test02875(RegressionTest5)  Time elapsed: 0 sec  <<< FAILURE!
java.lang.AssertionError: 'true' != 'false' expected:<true> but was:<false>
	at RegressionTest5.test02875(RegressionTest5.java:3007)

test02915(RegressionTest5)  Time elapsed: 0 sec  <<< FAILURE!
java.lang.AssertionError: 'true' != 'false' expected:<true> but was:<false>
	at RegressionTest5.test02915(RegressionTest5.java:3327)

test02947(RegressionTest5)  Time elapsed: 0 sec  <<< FAILURE!
java.lang.AssertionError: 'true' != 'false' expected:<true> but was:<false>
	at RegressionTest5.test02947(RegressionTest5.java:3583)

test02961(RegressionTest5)  Time elapsed: 0 sec  <<< FAILURE!
java.lang.AssertionError: 'true' != 'false' expected:<true> but was:<false>
	at RegressionTest5.test02961(RegressionTest5.java:3695)

test02967(RegressionTest5)  Time elapsed: 0 sec  <<< FAILURE!
java.lang.AssertionError: 'true' != 'false' expected:<true> but was:<false>
	at RegressionTest5.test02967(RegressionTest5.java:3743)

test02969(RegressionTest5)  Time elapsed: 0.001 sec  <<< FAILURE!
java.lang.AssertionError: 'true' != 'false' expected:<true> but was:<false>
	at RegressionTest5.test02969(RegressionTest5.java:3759)

test02974(RegressionTest5)  Time elapsed: 0 sec  <<< FAILURE!
java.lang.AssertionError: 'true' != 'false' expected:<true> but was:<false>
	at RegressionTest5.test02974(RegressionTest5.java:3799)

test02977(RegressionTest5)  Time elapsed: 0 sec  <<< FAILURE!
java.lang.AssertionError: 'true' != 'false' expected:<true> but was:<false>
	at RegressionTest5.test02977(RegressionTest5.java:3823)

test02985(RegressionTest5)  Time elapsed: 0 sec  <<< FAILURE!
java.lang.AssertionError: 'true' != 'false' expected:<true> but was:<false>
	at RegressionTest5.test02985(RegressionTest5.java:3887)

test03001(RegressionTest6)  Time elapsed: 0 sec  <<< FAILURE!
java.lang.AssertionError: 'true' != 'false' expected:<true> but was:<false>
	at RegressionTest6.test03001(RegressionTest6.java:15)

test03011(RegressionTest6)  Time elapsed: 0 sec  <<< FAILURE!
java.lang.AssertionError: 'true' != 'false' expected:<true> but was:<false>
	at RegressionTest6.test03011(RegressionTest6.java:95)

test03026(RegressionTest6)  Time elapsed: 0 sec  <<< FAILURE!
java.lang.AssertionError: 'true' != 'false' expected:<true> but was:<false>
	at RegressionTest6.test03026(RegressionTest6.java:215)

test03046(RegressionTest6)  Time elapsed: 0 sec  <<< FAILURE!
java.lang.AssertionError: 'true' != 'false' expected:<true> but was:<false>
	at RegressionTest6.test03046(RegressionTest6.java:375)

test03064(RegressionTest6)  Time elapsed: 0 sec  <<< FAILURE!
java.lang.AssertionError: 'true' != 'false' expected:<true> but was:<false>
	at RegressionTest6.test03064(RegressionTest6.java:519)

test03069(RegressionTest6)  Time elapsed: 0 sec  <<< FAILURE!
java.lang.AssertionError: 'true' != 'false' expected:<true> but was:<false>
	at RegressionTest6.test03069(RegressionTest6.java:559)

test03081(RegressionTest6)  Time elapsed: 0 sec  <<< FAILURE!
java.lang.AssertionError: 'true' != 'false' expected:<true> but was:<false>
	at RegressionTest6.test03081(RegressionTest6.java:655)

test03097(RegressionTest6)  Time elapsed: 0 sec  <<< FAILURE!
java.lang.AssertionError: 'true' != 'false' expected:<true> but was:<false>
	at RegressionTest6.test03097(RegressionTest6.java:783)

test03106(RegressionTest6)  Time elapsed: 0 sec  <<< FAILURE!
java.lang.AssertionError: 'true' != 'false' expected:<true> but was:<false>
	at RegressionTest6.test03106(RegressionTest6.java:855)

test03107(RegressionTest6)  Time elapsed: 0 sec  <<< FAILURE!
java.lang.AssertionError: 'true' != 'false' expected:<true> but was:<false>
	at RegressionTest6.test03107(RegressionTest6.java:863)

test03119(RegressionTest6)  Time elapsed: 0 sec  <<< FAILURE!
java.lang.AssertionError: 'true' != 'false' expected:<true> but was:<false>
	at RegressionTest6.test03119(RegressionTest6.java:959)

test03121(RegressionTest6)  Time elapsed: 0 sec  <<< FAILURE!
java.lang.AssertionError: 'true' != 'false' expected:<true> but was:<false>
	at RegressionTest6.test03121(RegressionTest6.java:975)

test03125(RegressionTest6)  Time elapsed: 0 sec  <<< FAILURE!
java.lang.AssertionError: 'true' != 'false' expected:<true> but was:<false>
	at RegressionTest6.test03125(RegressionTest6.java:1007)

test03126(RegressionTest6)  Time elapsed: 0 sec  <<< FAILURE!
java.lang.AssertionError: 'true' != 'false' expected:<true> but was:<false>
	at RegressionTest6.test03126(RegressionTest6.java:1015)

test03128(RegressionTest6)  Time elapsed: 0 sec  <<< FAILURE!
java.lang.AssertionError: 'true' != 'false' expected:<true> but was:<false>
	at RegressionTest6.test03128(RegressionTest6.java:1031)

test03136(RegressionTest6)  Time elapsed: 0 sec  <<< FAILURE!
java.lang.AssertionError: 'true' != 'false' expected:<true> but was:<false>
	at RegressionTest6.test03136(RegressionTest6.java:1095)

test03161(RegressionTest6)  Time elapsed: 0 sec  <<< FAILURE!
java.lang.AssertionError: 'true' != 'false' expected:<true> but was:<false>
	at RegressionTest6.test03161(RegressionTest6.java:1295)

test03167(RegressionTest6)  Time elapsed: 0 sec  <<< FAILURE!
java.lang.AssertionError: 'true' != 'false' expected:<true> but was:<false>
	at RegressionTest6.test03167(RegressionTest6.java:1343)

test03175(RegressionTest6)  Time elapsed: 0 sec  <<< FAILURE!
java.lang.AssertionError: 'true' != 'false' expected:<true> but was:<false>
	at RegressionTest6.test03175(RegressionTest6.java:1407)

test03208(RegressionTest6)  Time elapsed: 0 sec  <<< FAILURE!
java.lang.AssertionError: 'true' != 'false' expected:<true> but was:<false>
	at RegressionTest6.test03208(RegressionTest6.java:1671)

test03230(RegressionTest6)  Time elapsed: 0 sec  <<< FAILURE!
java.lang.AssertionError: 'true' != 'false' expected:<true> but was:<false>
	at RegressionTest6.test03230(RegressionTest6.java:1847)

test03233(RegressionTest6)  Time elapsed: 0 sec  <<< FAILURE!
java.lang.AssertionError: 'true' != 'false' expected:<true> but was:<false>
	at RegressionTest6.test03233(RegressionTest6.java:1871)

test03244(RegressionTest6)  Time elapsed: 0.001 sec  <<< FAILURE!
java.lang.AssertionError: 'true' != 'false' expected:<true> but was:<false>
	at RegressionTest6.test03244(RegressionTest6.java:1959)

test03246(RegressionTest6)  Time elapsed: 0 sec  <<< FAILURE!
java.lang.AssertionError: 'true' != 'false' expected:<true> but was:<false>
	at RegressionTest6.test03246(RegressionTest6.java:1975)

test03272(RegressionTest6)  Time elapsed: 0 sec  <<< FAILURE!
java.lang.AssertionError: 'true' != 'false' expected:<true> but was:<false>
	at RegressionTest6.test03272(RegressionTest6.java:2183)

test03290(RegressionTest6)  Time elapsed: 0 sec  <<< FAILURE!
java.lang.AssertionError: 'true' != 'false' expected:<true> but was:<false>
	at RegressionTest6.test03290(RegressionTest6.java:2327)

test03304(RegressionTest6)  Time elapsed: 0 sec  <<< FAILURE!
java.lang.AssertionError: 'true' != 'false' expected:<true> but was:<false>
	at RegressionTest6.test03304(RegressionTest6.java:2439)

test03309(RegressionTest6)  Time elapsed: 0.001 sec  <<< FAILURE!
java.lang.AssertionError: 'true' != 'false' expected:<true> but was:<false>
	at RegressionTest6.test03309(RegressionTest6.java:2479)

test03351(RegressionTest6)  Time elapsed: 0 sec  <<< FAILURE!
java.lang.AssertionError: 'true' != 'false' expected:<true> but was:<false>
	at RegressionTest6.test03351(RegressionTest6.java:2815)

test03375(RegressionTest6)  Time elapsed: 0 sec  <<< FAILURE!
java.lang.AssertionError: 'true' != 'false' expected:<true> but was:<false>
	at RegressionTest6.test03375(RegressionTest6.java:3007)

test03390(RegressionTest6)  Time elapsed: 0 sec  <<< FAILURE!
java.lang.AssertionError: 'true' != 'false' expected:<true> but was:<false>
	at RegressionTest6.test03390(RegressionTest6.java:3127)

test03406(RegressionTest6)  Time elapsed: 0 sec  <<< FAILURE!
java.lang.AssertionError: 'true' != 'false' expected:<true> but was:<false>
	at RegressionTest6.test03406(RegressionTest6.java:3255)

test03439(RegressionTest6)  Time elapsed: 0 sec  <<< FAILURE!
java.lang.AssertionError: 'true' != 'false' expected:<true> but was:<false>
	at RegressionTest6.test03439(RegressionTest6.java:3519)

test03447(RegressionTest6)  Time elapsed: 0 sec  <<< FAILURE!
java.lang.AssertionError: 'true' != 'false' expected:<true> but was:<false>
	at RegressionTest6.test03447(RegressionTest6.java:3583)

test03450(RegressionTest6)  Time elapsed: 0 sec  <<< FAILURE!
java.lang.AssertionError: 'true' != 'false' expected:<true> but was:<false>
	at RegressionTest6.test03450(RegressionTest6.java:3607)

test03481(RegressionTest6)  Time elapsed: 0.001 sec  <<< FAILURE!
java.lang.AssertionError: 'true' != 'false' expected:<true> but was:<false>
	at RegressionTest6.test03481(RegressionTest6.java:3855)

test03527(RegressionTest7)  Time elapsed: 0 sec  <<< FAILURE!
java.lang.AssertionError: 'true' != 'false' expected:<true> but was:<false>
	at RegressionTest7.test03527(RegressionTest7.java:223)

test03528(RegressionTest7)  Time elapsed: 0 sec  <<< FAILURE!
java.lang.AssertionError: 'true' != 'false' expected:<true> but was:<false>
	at RegressionTest7.test03528(RegressionTest7.java:231)

test03548(RegressionTest7)  Time elapsed: 0 sec  <<< FAILURE!
java.lang.AssertionError: 'true' != 'false' expected:<true> but was:<false>
	at RegressionTest7.test03548(RegressionTest7.java:391)

test03553(RegressionTest7)  Time elapsed: 0 sec  <<< FAILURE!
java.lang.AssertionError: 'true' != 'false' expected:<true> but was:<false>
	at RegressionTest7.test03553(RegressionTest7.java:431)

test03554(RegressionTest7)  Time elapsed: 0 sec  <<< FAILURE!
java.lang.AssertionError: 'true' != 'false' expected:<true> but was:<false>
	at RegressionTest7.test03554(RegressionTest7.java:439)

test03557(RegressionTest7)  Time elapsed: 0 sec  <<< FAILURE!
java.lang.AssertionError: 'true' != 'false' expected:<true> but was:<false>
	at RegressionTest7.test03557(RegressionTest7.java:463)

test03561(RegressionTest7)  Time elapsed: 0 sec  <<< FAILURE!
java.lang.AssertionError: 'true' != 'false' expected:<true> but was:<false>
	at RegressionTest7.test03561(RegressionTest7.java:495)

test03563(RegressionTest7)  Time elapsed: 0 sec  <<< FAILURE!
java.lang.AssertionError: 'true' != 'false' expected:<true> but was:<false>
	at RegressionTest7.test03563(RegressionTest7.java:511)

test03584(RegressionTest7)  Time elapsed: 0 sec  <<< FAILURE!
java.lang.AssertionError: 'true' != 'false' expected:<true> but was:<false>
	at RegressionTest7.test03584(RegressionTest7.java:679)

test03590(RegressionTest7)  Time elapsed: 0 sec  <<< FAILURE!
java.lang.AssertionError: 'true' != 'false' expected:<true> but was:<false>
	at RegressionTest7.test03590(RegressionTest7.java:727)

test03591(RegressionTest7)  Time elapsed: 0 sec  <<< FAILURE!
java.lang.AssertionError: 'true' != 'false' expected:<true> but was:<false>
	at RegressionTest7.test03591(RegressionTest7.java:735)

test03613(RegressionTest7)  Time elapsed: 0 sec  <<< FAILURE!
java.lang.AssertionError: 'true' != 'false' expected:<true> but was:<false>
	at RegressionTest7.test03613(RegressionTest7.java:911)

test03626(RegressionTest7)  Time elapsed: 0 sec  <<< FAILURE!
java.lang.AssertionError: 'true' != 'false' expected:<true> but was:<false>
	at RegressionTest7.test03626(RegressionTest7.java:1015)

test03630(RegressionTest7)  Time elapsed: 0 sec  <<< FAILURE!
java.lang.AssertionError: 'true' != 'false' expected:<true> but was:<false>
	at RegressionTest7.test03630(RegressionTest7.java:1047)

test03646(RegressionTest7)  Time elapsed: 0 sec  <<< FAILURE!
java.lang.AssertionError: 'true' != 'false' expected:<true> but was:<false>
	at RegressionTest7.test03646(RegressionTest7.java:1175)

test03664(RegressionTest7)  Time elapsed: 0 sec  <<< FAILURE!
java.lang.AssertionError: 'true' != 'false' expected:<true> but was:<false>
	at RegressionTest7.test03664(RegressionTest7.java:1319)

test03715(RegressionTest7)  Time elapsed: 0 sec  <<< FAILURE!
java.lang.AssertionError: 'true' != 'false' expected:<true> but was:<false>
	at RegressionTest7.test03715(RegressionTest7.java:1727)

test03717(RegressionTest7)  Time elapsed: 0 sec  <<< FAILURE!
java.lang.AssertionError: 'true' != 'false' expected:<true> but was:<false>
	at RegressionTest7.test03717(RegressionTest7.java:1743)

test03723(RegressionTest7)  Time elapsed: 0 sec  <<< FAILURE!
java.lang.AssertionError: 'true' != 'false' expected:<true> but was:<false>
	at RegressionTest7.test03723(RegressionTest7.java:1791)

test03773(RegressionTest7)  Time elapsed: 0 sec  <<< FAILURE!
java.lang.AssertionError: 'true' != 'false' expected:<true> but was:<false>
	at RegressionTest7.test03773(RegressionTest7.java:2191)

test03781(RegressionTest7)  Time elapsed: 0.001 sec  <<< FAILURE!
java.lang.AssertionError: 'true' != 'false' expected:<true> but was:<false>
	at RegressionTest7.test03781(RegressionTest7.java:2255)

test03845(RegressionTest7)  Time elapsed: 0 sec  <<< FAILURE!
java.lang.AssertionError: 'true' != 'false' expected:<true> but was:<false>
	at RegressionTest7.test03845(RegressionTest7.java:2767)

test03851(RegressionTest7)  Time elapsed: 0 sec  <<< FAILURE!
java.lang.AssertionError: 'true' != 'false' expected:<true> but was:<false>
	at RegressionTest7.test03851(RegressionTest7.java:2815)

test03883(RegressionTest7)  Time elapsed: 0 sec  <<< FAILURE!
java.lang.AssertionError: 'true' != 'false' expected:<true> but was:<false>
	at RegressionTest7.test03883(RegressionTest7.java:3071)

test03901(RegressionTest7)  Time elapsed: 0 sec  <<< FAILURE!
java.lang.AssertionError: 'true' != 'false' expected:<true> but was:<false>
	at RegressionTest7.test03901(RegressionTest7.java:3215)

test03922(RegressionTest7)  Time elapsed: 0 sec  <<< FAILURE!
java.lang.AssertionError: 'true' != 'false' expected:<true> but was:<false>
	at RegressionTest7.test03922(RegressionTest7.java:3383)

test03924(RegressionTest7)  Time elapsed: 0 sec  <<< FAILURE!
java.lang.AssertionError: 'true' != 'false' expected:<true> but was:<false>
	at RegressionTest7.test03924(RegressionTest7.java:3399)

test03952(RegressionTest7)  Time elapsed: 0 sec  <<< FAILURE!
java.lang.AssertionError: 'true' != 'false' expected:<true> but was:<false>
	at RegressionTest7.test03952(RegressionTest7.java:3623)

test03954(RegressionTest7)  Time elapsed: 0.001 sec  <<< FAILURE!
java.lang.AssertionError: 'true' != 'false' expected:<true> but was:<false>
	at RegressionTest7.test03954(RegressionTest7.java:3639)

test03956(RegressionTest7)  Time elapsed: 0 sec  <<< FAILURE!
java.lang.AssertionError: 'true' != 'false' expected:<true> but was:<false>
	at RegressionTest7.test03956(RegressionTest7.java:3655)

test03960(RegressionTest7)  Time elapsed: 0 sec  <<< FAILURE!
java.lang.AssertionError: 'true' != 'false' expected:<true> but was:<false>
	at RegressionTest7.test03960(RegressionTest7.java:3687)

test03989(RegressionTest7)  Time elapsed: 0.001 sec  <<< FAILURE!
java.lang.AssertionError: 'true' != 'false' expected:<true> but was:<false>
	at RegressionTest7.test03989(RegressionTest7.java:3919)

test04015(RegressionTest8)  Time elapsed: 0 sec  <<< FAILURE!
java.lang.AssertionError: 'true' != 'false' expected:<true> but was:<false>
	at RegressionTest8.test04015(RegressionTest8.java:127)

test04018(RegressionTest8)  Time elapsed: 0 sec  <<< FAILURE!
java.lang.AssertionError: 'true' != 'false' expected:<true> but was:<false>
	at RegressionTest8.test04018(RegressionTest8.java:151)

test04022(RegressionTest8)  Time elapsed: 0 sec  <<< FAILURE!
java.lang.AssertionError: 'true' != 'false' expected:<true> but was:<false>
	at RegressionTest8.test04022(RegressionTest8.java:183)

test04032(RegressionTest8)  Time elapsed: 0 sec  <<< FAILURE!
java.lang.AssertionError: 'true' != 'false' expected:<true> but was:<false>
	at RegressionTest8.test04032(RegressionTest8.java:263)

test04047(RegressionTest8)  Time elapsed: 0 sec  <<< FAILURE!
java.lang.AssertionError: 'true' != 'false' expected:<true> but was:<false>
	at RegressionTest8.test04047(RegressionTest8.java:383)

test04072(RegressionTest8)  Time elapsed: 0 sec  <<< FAILURE!
java.lang.AssertionError: 'true' != 'false' expected:<true> but was:<false>
	at RegressionTest8.test04072(RegressionTest8.java:583)

test04080(RegressionTest8)  Time elapsed: 0 sec  <<< FAILURE!
java.lang.AssertionError: 'true' != 'false' expected:<true> but was:<false>
	at RegressionTest8.test04080(RegressionTest8.java:647)

test04083(RegressionTest8)  Time elapsed: 0 sec  <<< FAILURE!
java.lang.AssertionError: 'true' != 'false' expected:<true> but was:<false>
	at RegressionTest8.test04083(RegressionTest8.java:671)

test04084(RegressionTest8)  Time elapsed: 0 sec  <<< FAILURE!
java.lang.AssertionError: 'true' != 'false' expected:<true> but was:<false>
	at RegressionTest8.test04084(RegressionTest8.java:679)

test04089(RegressionTest8)  Time elapsed: 0.001 sec  <<< FAILURE!
java.lang.AssertionError: 'true' != 'false' expected:<true> but was:<false>
	at RegressionTest8.test04089(RegressionTest8.java:719)

test04103(RegressionTest8)  Time elapsed: 0 sec  <<< FAILURE!
java.lang.AssertionError: 'true' != 'false' expected:<true> but was:<false>
	at RegressionTest8.test04103(RegressionTest8.java:831)

test04128(RegressionTest8)  Time elapsed: 0 sec  <<< FAILURE!
java.lang.AssertionError: 'true' != 'false' expected:<true> but was:<false>
	at RegressionTest8.test04128(RegressionTest8.java:1031)

test04131(RegressionTest8)  Time elapsed: 0 sec  <<< FAILURE!
java.lang.AssertionError: 'true' != 'false' expected:<true> but was:<false>
	at RegressionTest8.test04131(RegressionTest8.java:1055)

test04144(RegressionTest8)  Time elapsed: 0 sec  <<< FAILURE!
java.lang.AssertionError: 'true' != 'false' expected:<true> but was:<false>
	at RegressionTest8.test04144(RegressionTest8.java:1159)

test04211(RegressionTest8)  Time elapsed: 0 sec  <<< FAILURE!
java.lang.AssertionError: 'true' != 'false' expected:<true> but was:<false>
	at RegressionTest8.test04211(RegressionTest8.java:1695)

test04212(RegressionTest8)  Time elapsed: 0 sec  <<< FAILURE!
java.lang.AssertionError: 'true' != 'false' expected:<true> but was:<false>
	at RegressionTest8.test04212(RegressionTest8.java:1703)

test04219(RegressionTest8)  Time elapsed: 0 sec  <<< FAILURE!
java.lang.AssertionError: 'true' != 'false' expected:<true> but was:<false>
	at RegressionTest8.test04219(RegressionTest8.java:1759)

test04225(RegressionTest8)  Time elapsed: 0 sec  <<< FAILURE!
java.lang.AssertionError: 'true' != 'false' expected:<true> but was:<false>
	at RegressionTest8.test04225(RegressionTest8.java:1807)

test04244(RegressionTest8)  Time elapsed: 0 sec  <<< FAILURE!
java.lang.AssertionError: 'true' != 'false' expected:<true> but was:<false>
	at RegressionTest8.test04244(RegressionTest8.java:1959)

test04269(RegressionTest8)  Time elapsed: 0 sec  <<< FAILURE!
java.lang.AssertionError: 'true' != 'false' expected:<true> but was:<false>
	at RegressionTest8.test04269(RegressionTest8.java:2159)

test04277(RegressionTest8)  Time elapsed: 0 sec  <<< FAILURE!
java.lang.AssertionError: 'true' != 'false' expected:<true> but was:<false>
	at RegressionTest8.test04277(RegressionTest8.java:2223)

test04280(RegressionTest8)  Time elapsed: 0 sec  <<< FAILURE!
java.lang.AssertionError: 'true' != 'false' expected:<true> but was:<false>
	at RegressionTest8.test04280(RegressionTest8.java:2247)

test04282(RegressionTest8)  Time elapsed: 0 sec  <<< FAILURE!
java.lang.AssertionError: 'true' != 'false' expected:<true> but was:<false>
	at RegressionTest8.test04282(RegressionTest8.java:2263)

test04310(RegressionTest8)  Time elapsed: 0 sec  <<< FAILURE!
java.lang.AssertionError: 'true' != 'false' expected:<true> but was:<false>
	at RegressionTest8.test04310(RegressionTest8.java:2487)

test04318(RegressionTest8)  Time elapsed: 0 sec  <<< FAILURE!
java.lang.AssertionError: 'true' != 'false' expected:<true> but was:<false>
	at RegressionTest8.test04318(RegressionTest8.java:2551)

test04338(RegressionTest8)  Time elapsed: 0 sec  <<< FAILURE!
java.lang.AssertionError: 'true' != 'false' expected:<true> but was:<false>
	at RegressionTest8.test04338(RegressionTest8.java:2711)

test04346(RegressionTest8)  Time elapsed: 0 sec  <<< FAILURE!
java.lang.AssertionError: 'true' != 'false' expected:<true> but was:<false>
	at RegressionTest8.test04346(RegressionTest8.java:2775)

test04351(RegressionTest8)  Time elapsed: 0 sec  <<< FAILURE!
java.lang.AssertionError: 'true' != 'false' expected:<true> but was:<false>
	at RegressionTest8.test04351(RegressionTest8.java:2815)

test04357(RegressionTest8)  Time elapsed: 0 sec  <<< FAILURE!
java.lang.AssertionError: 'true' != 'false' expected:<true> but was:<false>
	at RegressionTest8.test04357(RegressionTest8.java:2863)

test04359(RegressionTest8)  Time elapsed: 0 sec  <<< FAILURE!
java.lang.AssertionError: 'true' != 'false' expected:<true> but was:<false>
	at RegressionTest8.test04359(RegressionTest8.java:2879)

test04361(RegressionTest8)  Time elapsed: 0 sec  <<< FAILURE!
java.lang.AssertionError: 'true' != 'false' expected:<true> but was:<false>
	at RegressionTest8.test04361(RegressionTest8.java:2895)

test04380(RegressionTest8)  Time elapsed: 0 sec  <<< FAILURE!
java.lang.AssertionError: 'true' != 'false' expected:<true> but was:<false>
	at RegressionTest8.test04380(RegressionTest8.java:3047)

test04412(RegressionTest8)  Time elapsed: 0 sec  <<< FAILURE!
java.lang.AssertionError: 'true' != 'false' expected:<true> but was:<false>
	at RegressionTest8.test04412(RegressionTest8.java:3303)

test04415(RegressionTest8)  Time elapsed: 0 sec  <<< FAILURE!
java.lang.AssertionError: 'true' != 'false' expected:<true> but was:<false>
	at RegressionTest8.test04415(RegressionTest8.java:3327)

test04422(RegressionTest8)  Time elapsed: 0 sec  <<< FAILURE!
java.lang.AssertionError: 'true' != 'false' expected:<true> but was:<false>
	at RegressionTest8.test04422(RegressionTest8.java:3383)

test04440(RegressionTest8)  Time elapsed: 0 sec  <<< FAILURE!
java.lang.AssertionError: 'true' != 'false' expected:<true> but was:<false>
	at RegressionTest8.test04440(RegressionTest8.java:3527)

test04454(RegressionTest8)  Time elapsed: 0 sec  <<< FAILURE!
java.lang.AssertionError: 'true' != 'false' expected:<true> but was:<false>
	at RegressionTest8.test04454(RegressionTest8.java:3639)

test04463(RegressionTest8)  Time elapsed: 0 sec  <<< FAILURE!
java.lang.AssertionError: 'true' != 'false' expected:<true> but was:<false>
	at RegressionTest8.test04463(RegressionTest8.java:3711)

test04480(RegressionTest8)  Time elapsed: 0 sec  <<< FAILURE!
java.lang.AssertionError: 'true' != 'false' expected:<true> but was:<false>
	at RegressionTest8.test04480(RegressionTest8.java:3847)

test04490(RegressionTest8)  Time elapsed: 0 sec  <<< FAILURE!
java.lang.AssertionError: 'true' != 'false' expected:<true> but was:<false>
	at RegressionTest8.test04490(RegressionTest8.java:3927)

test04491(RegressionTest8)  Time elapsed: 0 sec  <<< FAILURE!
java.lang.AssertionError: 'true' != 'false' expected:<true> but was:<false>
	at RegressionTest8.test04491(RegressionTest8.java:3935)

test04517(RegressionTest9)  Time elapsed: 0 sec  <<< FAILURE!
java.lang.AssertionError: 'true' != 'false' expected:<true> but was:<false>
	at RegressionTest9.test04517(RegressionTest9.java:143)

test04518(RegressionTest9)  Time elapsed: 0 sec  <<< FAILURE!
java.lang.AssertionError: 'true' != 'false' expected:<true> but was:<false>
	at RegressionTest9.test04518(RegressionTest9.java:151)

test04519(RegressionTest9)  Time elapsed: 0 sec  <<< FAILURE!
java.lang.AssertionError: 'true' != 'false' expected:<true> but was:<false>
	at RegressionTest9.test04519(RegressionTest9.java:159)

test04522(RegressionTest9)  Time elapsed: 0 sec  <<< FAILURE!
java.lang.AssertionError: 'true' != 'false' expected:<true> but was:<false>
	at RegressionTest9.test04522(RegressionTest9.java:183)

test04551(RegressionTest9)  Time elapsed: 0 sec  <<< FAILURE!
java.lang.AssertionError: 'true' != 'false' expected:<true> but was:<false>
	at RegressionTest9.test04551(RegressionTest9.java:415)

test04574(RegressionTest9)  Time elapsed: 0.001 sec  <<< FAILURE!
java.lang.AssertionError: 'true' != 'false' expected:<true> but was:<false>
	at RegressionTest9.test04574(RegressionTest9.java:599)

test04593(RegressionTest9)  Time elapsed: 0 sec  <<< FAILURE!
java.lang.AssertionError: 'true' != 'false' expected:<true> but was:<false>
	at RegressionTest9.test04593(RegressionTest9.java:751)

test04606(RegressionTest9)  Time elapsed: 0 sec  <<< FAILURE!
java.lang.AssertionError: 'true' != 'false' expected:<true> but was:<false>
	at RegressionTest9.test04606(RegressionTest9.java:855)

test04611(RegressionTest9)  Time elapsed: 0 sec  <<< FAILURE!
java.lang.AssertionError: 'true' != 'false' expected:<true> but was:<false>
	at RegressionTest9.test04611(RegressionTest9.java:895)

test04618(RegressionTest9)  Time elapsed: 0.001 sec  <<< FAILURE!
java.lang.AssertionError: 'true' != 'false' expected:<true> but was:<false>
	at RegressionTest9.test04618(RegressionTest9.java:951)

test04656(RegressionTest9)  Time elapsed: 0 sec  <<< FAILURE!
java.lang.AssertionError: 'true' != 'false' expected:<true> but was:<false>
	at RegressionTest9.test04656(RegressionTest9.java:1255)

test04683(RegressionTest9)  Time elapsed: 0 sec  <<< FAILURE!
java.lang.AssertionError: 'true' != 'false' expected:<true> but was:<false>
	at RegressionTest9.test04683(RegressionTest9.java:1471)

test04704(RegressionTest9)  Time elapsed: 0 sec  <<< FAILURE!
java.lang.AssertionError: 'true' != 'false' expected:<true> but was:<false>
	at RegressionTest9.test04704(RegressionTest9.java:1639)

test04717(RegressionTest9)  Time elapsed: 0 sec  <<< FAILURE!
java.lang.AssertionError: 'true' != 'false' expected:<true> but was:<false>
	at RegressionTest9.test04717(RegressionTest9.java:1743)

test04729(RegressionTest9)  Time elapsed: 0 sec  <<< FAILURE!
java.lang.AssertionError: 'true' != 'false' expected:<true> but was:<false>
	at RegressionTest9.test04729(RegressionTest9.java:1839)

test04734(RegressionTest9)  Time elapsed: 0 sec  <<< FAILURE!
java.lang.AssertionError: 'true' != 'false' expected:<true> but was:<false>
	at RegressionTest9.test04734(RegressionTest9.java:1879)

test04752(RegressionTest9)  Time elapsed: 0 sec  <<< FAILURE!
java.lang.AssertionError: 'true' != 'false' expected:<true> but was:<false>
	at RegressionTest9.test04752(RegressionTest9.java:2023)

test04766(RegressionTest9)  Time elapsed: 0 sec  <<< FAILURE!
java.lang.AssertionError: 'true' != 'false' expected:<true> but was:<false>
	at RegressionTest9.test04766(RegressionTest9.java:2135)

test04794(RegressionTest9)  Time elapsed: 0 sec  <<< FAILURE!
java.lang.AssertionError: 'true' != 'false' expected:<true> but was:<false>
	at RegressionTest9.test04794(RegressionTest9.java:2359)

test04795(RegressionTest9)  Time elapsed: 0.001 sec  <<< FAILURE!
java.lang.AssertionError: 'true' != 'false' expected:<true> but was:<false>
	at RegressionTest9.test04795(RegressionTest9.java:2367)

test04798(RegressionTest9)  Time elapsed: 0 sec  <<< FAILURE!
java.lang.AssertionError: 'true' != 'false' expected:<true> but was:<false>
	at RegressionTest9.test04798(RegressionTest9.java:2391)

test04811(RegressionTest9)  Time elapsed: 0 sec  <<< FAILURE!
java.lang.AssertionError: 'true' != 'false' expected:<true> but was:<false>
	at RegressionTest9.test04811(RegressionTest9.java:2495)

test04841(RegressionTest9)  Time elapsed: 0.001 sec  <<< FAILURE!
java.lang.AssertionError: 'true' != 'false' expected:<true> but was:<false>
	at RegressionTest9.test04841(RegressionTest9.java:2735)

test04877(RegressionTest9)  Time elapsed: 0 sec  <<< FAILURE!
java.lang.AssertionError: 'true' != 'false' expected:<true> but was:<false>
	at RegressionTest9.test04877(RegressionTest9.java:3023)

test04896(RegressionTest9)  Time elapsed: 0 sec  <<< FAILURE!
java.lang.AssertionError: 'true' != 'false' expected:<true> but was:<false>
	at RegressionTest9.test04896(RegressionTest9.java:3175)

test04930(RegressionTest9)  Time elapsed: 0 sec  <<< FAILURE!
java.lang.AssertionError: 'true' != 'false' expected:<true> but was:<false>
	at RegressionTest9.test04930(RegressionTest9.java:3447)

test04952(RegressionTest9)  Time elapsed: 0 sec  <<< FAILURE!
java.lang.AssertionError: 'true' != 'false' expected:<true> but was:<false>
	at RegressionTest9.test04952(RegressionTest9.java:3623)

test04953(RegressionTest9)  Time elapsed: 0 sec  <<< FAILURE!
java.lang.AssertionError: 'true' != 'false' expected:<true> but was:<false>
	at RegressionTest9.test04953(RegressionTest9.java:3631)

test04964(RegressionTest9)  Time elapsed: 0 sec  <<< FAILURE!
java.lang.AssertionError: 'true' != 'false' expected:<true> but was:<false>
	at RegressionTest9.test04964(RegressionTest9.java:3719)

test04966(RegressionTest9)  Time elapsed: 0 sec  <<< FAILURE!
java.lang.AssertionError: 'true' != 'false' expected:<true> but was:<false>
	at RegressionTest9.test04966(RegressionTest9.java:3735)

test04969(RegressionTest9)  Time elapsed: 0 sec  <<< FAILURE!
java.lang.AssertionError: 'true' != 'false' expected:<true> but was:<false>
	at RegressionTest9.test04969(RegressionTest9.java:3759)

test04979(RegressionTest9)  Time elapsed: 0 sec  <<< FAILURE!
java.lang.AssertionError: 'true' != 'false' expected:<true> but was:<false>
	at RegressionTest9.test04979(RegressionTest9.java:3839)

test04981(RegressionTest9)  Time elapsed: 0 sec  <<< FAILURE!
java.lang.AssertionError: 'true' != 'false' expected:<true> but was:<false>
	at RegressionTest9.test04981(RegressionTest9.java:3855)

test04984(RegressionTest9)  Time elapsed: 0 sec  <<< FAILURE!
java.lang.AssertionError: 'true' != 'false' expected:<true> but was:<false>
	at RegressionTest9.test04984(RegressionTest9.java:3879)

test04989(RegressionTest9)  Time elapsed: 0 sec  <<< FAILURE!
java.lang.AssertionError: 'true' != 'false' expected:<true> but was:<false>
	at RegressionTest9.test04989(RegressionTest9.java:3919)

test04996(RegressionTest9)  Time elapsed: 0 sec  <<< FAILURE!
java.lang.AssertionError: 'true' != 'false' expected:<true> but was:<false>
	at RegressionTest9.test04996(RegressionTest9.java:3975)

test05004(RegressionTest10)  Time elapsed: 0 sec  <<< FAILURE!
java.lang.AssertionError: 'true' != 'false' expected:<true> but was:<false>
	at RegressionTest10.test05004(RegressionTest10.java:39)

test05005(RegressionTest10)  Time elapsed: 0 sec  <<< FAILURE!
java.lang.AssertionError: 'true' != 'false' expected:<true> but was:<false>
	at RegressionTest10.test05005(RegressionTest10.java:47)

test05022(RegressionTest10)  Time elapsed: 0 sec  <<< FAILURE!
java.lang.AssertionError: 'true' != 'false' expected:<true> but was:<false>
	at RegressionTest10.test05022(RegressionTest10.java:183)

test05027(RegressionTest10)  Time elapsed: 0 sec  <<< FAILURE!
java.lang.AssertionError: 'true' != 'false' expected:<true> but was:<false>
	at RegressionTest10.test05027(RegressionTest10.java:223)

test05029(RegressionTest10)  Time elapsed: 0 sec  <<< FAILURE!
java.lang.AssertionError: 'true' != 'false' expected:<true> but was:<false>
	at RegressionTest10.test05029(RegressionTest10.java:239)

test05074(RegressionTest10)  Time elapsed: 0 sec  <<< FAILURE!
java.lang.AssertionError: 'true' != 'false' expected:<true> but was:<false>
	at RegressionTest10.test05074(RegressionTest10.java:599)

test05131(RegressionTest10)  Time elapsed: 0 sec  <<< FAILURE!
java.lang.AssertionError: 'true' != 'false' expected:<true> but was:<false>
	at RegressionTest10.test05131(RegressionTest10.java:1055)

test05142(RegressionTest10)  Time elapsed: 0 sec  <<< FAILURE!
java.lang.AssertionError: 'true' != 'false' expected:<true> but was:<false>
	at RegressionTest10.test05142(RegressionTest10.java:1143)

test05154(RegressionTest10)  Time elapsed: 0 sec  <<< FAILURE!
java.lang.AssertionError: 'true' != 'false' expected:<true> but was:<false>
	at RegressionTest10.test05154(RegressionTest10.java:1239)

test05157(RegressionTest10)  Time elapsed: 0 sec  <<< FAILURE!
java.lang.AssertionError: 'true' != 'false' expected:<true> but was:<false>
	at RegressionTest10.test05157(RegressionTest10.java:1263)

test05160(RegressionTest10)  Time elapsed: 0 sec  <<< FAILURE!
java.lang.AssertionError: 'true' != 'false' expected:<true> but was:<false>
	at RegressionTest10.test05160(RegressionTest10.java:1287)

test05165(RegressionTest10)  Time elapsed: 0 sec  <<< FAILURE!
java.lang.AssertionError: 'true' != 'false' expected:<true> but was:<false>
	at RegressionTest10.test05165(RegressionTest10.java:1327)

test05188(RegressionTest10)  Time elapsed: 0.001 sec  <<< FAILURE!
java.lang.AssertionError: 'true' != 'false' expected:<true> but was:<false>
	at RegressionTest10.test05188(RegressionTest10.java:1511)

test05196(RegressionTest10)  Time elapsed: 0 sec  <<< FAILURE!
java.lang.AssertionError: 'true' != 'false' expected:<true> but was:<false>
	at RegressionTest10.test05196(RegressionTest10.java:1575)

test05224(RegressionTest10)  Time elapsed: 0 sec  <<< FAILURE!
java.lang.AssertionError: 'true' != 'false' expected:<true> but was:<false>
	at RegressionTest10.test05224(RegressionTest10.java:1799)

test05246(RegressionTest10)  Time elapsed: 0 sec  <<< FAILURE!
java.lang.AssertionError: 'true' != 'false' expected:<true> but was:<false>
	at RegressionTest10.test05246(RegressionTest10.java:1975)

test05256(RegressionTest10)  Time elapsed: 0 sec  <<< FAILURE!
java.lang.AssertionError: 'true' != 'false' expected:<true> but was:<false>
	at RegressionTest10.test05256(RegressionTest10.java:2055)

test05306(RegressionTest10)  Time elapsed: 0 sec  <<< FAILURE!
java.lang.AssertionError: 'true' != 'false' expected:<true> but was:<false>
	at RegressionTest10.test05306(RegressionTest10.java:2455)

test05315(RegressionTest10)  Time elapsed: 0 sec  <<< FAILURE!
java.lang.AssertionError: 'true' != 'false' expected:<true> but was:<false>
	at RegressionTest10.test05315(RegressionTest10.java:2527)

test05356(RegressionTest10)  Time elapsed: 0 sec  <<< FAILURE!
java.lang.AssertionError: 'true' != 'false' expected:<true> but was:<false>
	at RegressionTest10.test05356(RegressionTest10.java:2855)

test05360(RegressionTest10)  Time elapsed: 0.001 sec  <<< FAILURE!
java.lang.AssertionError: 'true' != 'false' expected:<true> but was:<false>
	at RegressionTest10.test05360(RegressionTest10.java:2887)

test05380(RegressionTest10)  Time elapsed: 0 sec  <<< FAILURE!
java.lang.AssertionError: 'true' != 'false' expected:<true> but was:<false>
	at RegressionTest10.test05380(RegressionTest10.java:3047)

test05388(RegressionTest10)  Time elapsed: 0 sec  <<< FAILURE!
java.lang.AssertionError: 'true' != 'false' expected:<true> but was:<false>
	at RegressionTest10.test05388(RegressionTest10.java:3111)

test05403(RegressionTest10)  Time elapsed: 0 sec  <<< FAILURE!
java.lang.AssertionError: 'true' != 'false' expected:<true> but was:<false>
	at RegressionTest10.test05403(RegressionTest10.java:3231)

test05417(RegressionTest10)  Time elapsed: 0 sec  <<< FAILURE!
java.lang.AssertionError: 'true' != 'false' expected:<true> but was:<false>
	at RegressionTest10.test05417(RegressionTest10.java:3343)

test05439(RegressionTest10)  Time elapsed: 0 sec  <<< FAILURE!
java.lang.AssertionError: 'true' != 'false' expected:<true> but was:<false>
	at RegressionTest10.test05439(RegressionTest10.java:3519)

test05465(RegressionTest10)  Time elapsed: 0 sec  <<< FAILURE!
java.lang.AssertionError: 'true' != 'false' expected:<true> but was:<false>
	at RegressionTest10.test05465(RegressionTest10.java:3727)

test05468(RegressionTest10)  Time elapsed: 0 sec  <<< FAILURE!
java.lang.AssertionError: 'true' != 'false' expected:<true> but was:<false>
	at RegressionTest10.test05468(RegressionTest10.java:3751)

test05499(RegressionTest10)  Time elapsed: 0 sec  <<< FAILURE!
java.lang.AssertionError: 'true' != 'false' expected:<true> but was:<false>
	at RegressionTest10.test05499(RegressionTest10.java:3999)

test05522(RegressionTest11)  Time elapsed: 0 sec  <<< FAILURE!
java.lang.AssertionError: 'true' != 'false' expected:<true> but was:<false>
	at RegressionTest11.test05522(RegressionTest11.java:183)

test05539(RegressionTest11)  Time elapsed: 0 sec  <<< FAILURE!
java.lang.AssertionError: 'true' != 'false' expected:<true> but was:<false>
	at RegressionTest11.test05539(RegressionTest11.java:319)

test05551(RegressionTest11)  Time elapsed: 0 sec  <<< FAILURE!
java.lang.AssertionError: 'true' != 'false' expected:<true> but was:<false>
	at RegressionTest11.test05551(RegressionTest11.java:415)

test05554(RegressionTest11)  Time elapsed: 0 sec  <<< FAILURE!
java.lang.AssertionError: 'true' != 'false' expected:<true> but was:<false>
	at RegressionTest11.test05554(RegressionTest11.java:439)

test05559(RegressionTest11)  Time elapsed: 0 sec  <<< FAILURE!
java.lang.AssertionError: 'true' != 'false' expected:<true> but was:<false>
	at RegressionTest11.test05559(RegressionTest11.java:479)

test05560(RegressionTest11)  Time elapsed: 0 sec  <<< FAILURE!
java.lang.AssertionError: 'true' != 'false' expected:<true> but was:<false>
	at RegressionTest11.test05560(RegressionTest11.java:487)

test05599(RegressionTest11)  Time elapsed: 0 sec  <<< FAILURE!
java.lang.AssertionError: 'true' != 'false' expected:<true> but was:<false>
	at RegressionTest11.test05599(RegressionTest11.java:799)

test05608(RegressionTest11)  Time elapsed: 0 sec  <<< FAILURE!
java.lang.AssertionError: 'true' != 'false' expected:<true> but was:<false>
	at RegressionTest11.test05608(RegressionTest11.java:871)

test05616(RegressionTest11)  Time elapsed: 0 sec  <<< FAILURE!
java.lang.AssertionError: 'true' != 'false' expected:<true> but was:<false>
	at RegressionTest11.test05616(RegressionTest11.java:935)

test05626(RegressionTest11)  Time elapsed: 0 sec  <<< FAILURE!
java.lang.AssertionError: 'true' != 'false' expected:<true> but was:<false>
	at RegressionTest11.test05626(RegressionTest11.java:1015)

test05630(RegressionTest11)  Time elapsed: 0 sec  <<< FAILURE!
java.lang.AssertionError: 'true' != 'false' expected:<true> but was:<false>
	at RegressionTest11.test05630(RegressionTest11.java:1047)

test05646(RegressionTest11)  Time elapsed: 0 sec  <<< FAILURE!
java.lang.AssertionError: 'true' != 'false' expected:<true> but was:<false>
	at RegressionTest11.test05646(RegressionTest11.java:1175)

test05648(RegressionTest11)  Time elapsed: 0 sec  <<< FAILURE!
java.lang.AssertionError: 'true' != 'false' expected:<true> but was:<false>
	at RegressionTest11.test05648(RegressionTest11.java:1191)

test05656(RegressionTest11)  Time elapsed: 0 sec  <<< FAILURE!
java.lang.AssertionError: 'true' != 'false' expected:<true> but was:<false>
	at RegressionTest11.test05656(RegressionTest11.java:1255)

test05658(RegressionTest11)  Time elapsed: 0 sec  <<< FAILURE!
java.lang.AssertionError: 'true' != 'false' expected:<true> but was:<false>
	at RegressionTest11.test05658(RegressionTest11.java:1271)

test05679(RegressionTest11)  Time elapsed: 0 sec  <<< FAILURE!
java.lang.AssertionError: 'true' != 'false' expected:<true> but was:<false>
	at RegressionTest11.test05679(RegressionTest11.java:1439)

test05696(RegressionTest11)  Time elapsed: 0 sec  <<< FAILURE!
java.lang.AssertionError: 'true' != 'false' expected:<true> but was:<false>
	at RegressionTest11.test05696(RegressionTest11.java:1575)

test05706(RegressionTest11)  Time elapsed: 0 sec  <<< FAILURE!
java.lang.AssertionError: 'true' != 'false' expected:<true> but was:<false>
	at RegressionTest11.test05706(RegressionTest11.java:1655)

test05713(RegressionTest11)  Time elapsed: 0.001 sec  <<< FAILURE!
java.lang.AssertionError: 'true' != 'false' expected:<true> but was:<false>
	at RegressionTest11.test05713(RegressionTest11.java:1711)

test05714(RegressionTest11)  Time elapsed: 0 sec  <<< FAILURE!
java.lang.AssertionError: 'true' != 'false' expected:<true> but was:<false>
	at RegressionTest11.test05714(RegressionTest11.java:1719)

test05722(RegressionTest11)  Time elapsed: 0 sec  <<< FAILURE!
java.lang.AssertionError: 'true' != 'false' expected:<true> but was:<false>
	at RegressionTest11.test05722(RegressionTest11.java:1783)

test05738(RegressionTest11)  Time elapsed: 0 sec  <<< FAILURE!
java.lang.AssertionError: 'true' != 'false' expected:<true> but was:<false>
	at RegressionTest11.test05738(RegressionTest11.java:1911)

test05761(RegressionTest11)  Time elapsed: 0 sec  <<< FAILURE!
java.lang.AssertionError: 'true' != 'false' expected:<true> but was:<false>
	at RegressionTest11.test05761(RegressionTest11.java:2095)

test05762(RegressionTest11)  Time elapsed: 0 sec  <<< FAILURE!
java.lang.AssertionError: 'true' != 'false' expected:<true> but was:<false>
	at RegressionTest11.test05762(RegressionTest11.java:2103)

test05766(RegressionTest11)  Time elapsed: 0 sec  <<< FAILURE!
java.lang.AssertionError: 'true' != 'false' expected:<true> but was:<false>
	at RegressionTest11.test05766(RegressionTest11.java:2135)

test05771(RegressionTest11)  Time elapsed: 0 sec  <<< FAILURE!
java.lang.AssertionError: 'true' != 'false' expected:<true> but was:<false>
	at RegressionTest11.test05771(RegressionTest11.java:2175)

test05809(RegressionTest11)  Time elapsed: 0 sec  <<< FAILURE!
java.lang.AssertionError: 'true' != 'false' expected:<true> but was:<false>
	at RegressionTest11.test05809(RegressionTest11.java:2479)

test05819(RegressionTest11)  Time elapsed: 0 sec  <<< FAILURE!
java.lang.AssertionError: 'true' != 'false' expected:<true> but was:<false>
	at RegressionTest11.test05819(RegressionTest11.java:2559)

test05824(RegressionTest11)  Time elapsed: 0 sec  <<< FAILURE!
java.lang.AssertionError: 'true' != 'false' expected:<true> but was:<false>
	at RegressionTest11.test05824(RegressionTest11.java:2599)

test05835(RegressionTest11)  Time elapsed: 0 sec  <<< FAILURE!
java.lang.AssertionError: 'true' != 'false' expected:<true> but was:<false>
	at RegressionTest11.test05835(RegressionTest11.java:2687)

test05841(RegressionTest11)  Time elapsed: 0 sec  <<< FAILURE!
java.lang.AssertionError: 'true' != 'false' expected:<true> but was:<false>
	at RegressionTest11.test05841(RegressionTest11.java:2735)

test05854(RegressionTest11)  Time elapsed: 0 sec  <<< FAILURE!
java.lang.AssertionError: 'true' != 'false' expected:<true> but was:<false>
	at RegressionTest11.test05854(RegressionTest11.java:2839)

test05952(RegressionTest11)  Time elapsed: 0 sec  <<< FAILURE!
java.lang.AssertionError: 'true' != 'false' expected:<true> but was:<false>
	at RegressionTest11.test05952(RegressionTest11.java:3623)

test05978(RegressionTest11)  Time elapsed: 0 sec  <<< FAILURE!
java.lang.AssertionError: 'true' != 'false' expected:<true> but was:<false>
	at RegressionTest11.test05978(RegressionTest11.java:3831)

test05979(RegressionTest11)  Time elapsed: 0 sec  <<< FAILURE!
java.lang.AssertionError: 'true' != 'false' expected:<true> but was:<false>
	at RegressionTest11.test05979(RegressionTest11.java:3839)

test06000(RegressionTest11)  Time elapsed: 0 sec  <<< FAILURE!
java.lang.AssertionError: 'true' != 'false' expected:<true> but was:<false>
	at RegressionTest11.test06000(RegressionTest11.java:4007)

test06023(RegressionTest12)  Time elapsed: 0 sec  <<< FAILURE!
java.lang.AssertionError: 'true' != 'false' expected:<true> but was:<false>
	at RegressionTest12.test06023(RegressionTest12.java:191)

test06037(RegressionTest12)  Time elapsed: 0 sec  <<< FAILURE!
java.lang.AssertionError: 'true' != 'false' expected:<true> but was:<false>
	at RegressionTest12.test06037(RegressionTest12.java:303)

test06058(RegressionTest12)  Time elapsed: 0 sec  <<< FAILURE!
java.lang.AssertionError: 'true' != 'false' expected:<true> but was:<false>
	at RegressionTest12.test06058(RegressionTest12.java:471)

test06061(RegressionTest12)  Time elapsed: 0 sec  <<< FAILURE!
java.lang.AssertionError: 'true' != 'false' expected:<true> but was:<false>
	at RegressionTest12.test06061(RegressionTest12.java:495)

test06062(RegressionTest12)  Time elapsed: 0 sec  <<< FAILURE!
java.lang.AssertionError: 'true' != 'false' expected:<true> but was:<false>
	at RegressionTest12.test06062(RegressionTest12.java:503)

test06065(RegressionTest12)  Time elapsed: 0 sec  <<< FAILURE!
java.lang.AssertionError: 'true' != 'false' expected:<true> but was:<false>
	at RegressionTest12.test06065(RegressionTest12.java:527)

test06067(RegressionTest12)  Time elapsed: 0 sec  <<< FAILURE!
java.lang.AssertionError: 'true' != 'false' expected:<true> but was:<false>
	at RegressionTest12.test06067(RegressionTest12.java:543)

test06076(RegressionTest12)  Time elapsed: 0 sec  <<< FAILURE!
java.lang.AssertionError: 'true' != 'false' expected:<true> but was:<false>
	at RegressionTest12.test06076(RegressionTest12.java:615)

test06079(RegressionTest12)  Time elapsed: 0 sec  <<< FAILURE!
java.lang.AssertionError: 'true' != 'false' expected:<true> but was:<false>
	at RegressionTest12.test06079(RegressionTest12.java:639)

test06086(RegressionTest12)  Time elapsed: 0 sec  <<< FAILURE!
java.lang.AssertionError: 'true' != 'false' expected:<true> but was:<false>
	at RegressionTest12.test06086(RegressionTest12.java:695)

test06115(RegressionTest12)  Time elapsed: 0 sec  <<< FAILURE!
java.lang.AssertionError: 'true' != 'false' expected:<true> but was:<false>
	at RegressionTest12.test06115(RegressionTest12.java:927)

test06120(RegressionTest12)  Time elapsed: 0 sec  <<< FAILURE!
java.lang.AssertionError: 'true' != 'false' expected:<true> but was:<false>
	at RegressionTest12.test06120(RegressionTest12.java:967)

test06125(RegressionTest12)  Time elapsed: 0 sec  <<< FAILURE!
java.lang.AssertionError: 'true' != 'false' expected:<true> but was:<false>
	at RegressionTest12.test06125(RegressionTest12.java:1007)

test06158(RegressionTest12)  Time elapsed: 0 sec  <<< FAILURE!
java.lang.AssertionError: 'true' != 'false' expected:<true> but was:<false>
	at RegressionTest12.test06158(RegressionTest12.java:1271)

test06168(RegressionTest12)  Time elapsed: 0 sec  <<< FAILURE!
java.lang.AssertionError: 'true' != 'false' expected:<true> but was:<false>
	at RegressionTest12.test06168(RegressionTest12.java:1351)

test06180(RegressionTest12)  Time elapsed: 0 sec  <<< FAILURE!
java.lang.AssertionError: 'true' != 'false' expected:<true> but was:<false>
	at RegressionTest12.test06180(RegressionTest12.java:1447)

test06181(RegressionTest12)  Time elapsed: 0 sec  <<< FAILURE!
java.lang.AssertionError: 'true' != 'false' expected:<true> but was:<false>
	at RegressionTest12.test06181(RegressionTest12.java:1455)

test06208(RegressionTest12)  Time elapsed: 0 sec  <<< FAILURE!
[...]
	at RegressionTest29.test14974(RegressionTest29.java:3799)

test14983(RegressionTest29)  Time elapsed: 0 sec  <<< FAILURE!
java.lang.AssertionError: 'true' != 'false' expected:<true> but was:<false>
	at RegressionTest29.test14983(RegressionTest29.java:3871)

test15038(RegressionTest30)  Time elapsed: 0 sec  <<< FAILURE!
java.lang.AssertionError: 'true' != 'false' expected:<true> but was:<false>
	at RegressionTest30.test15038(RegressionTest30.java:311)

test15058(RegressionTest30)  Time elapsed: 0 sec  <<< FAILURE!
java.lang.AssertionError: 'true' != 'false' expected:<true> but was:<false>
	at RegressionTest30.test15058(RegressionTest30.java:471)

test15066(RegressionTest30)  Time elapsed: 0 sec  <<< FAILURE!
java.lang.AssertionError: 'true' != 'false' expected:<true> but was:<false>
	at RegressionTest30.test15066(RegressionTest30.java:535)

test15068(RegressionTest30)  Time elapsed: 0 sec  <<< FAILURE!
java.lang.AssertionError: 'true' != 'false' expected:<true> but was:<false>
	at RegressionTest30.test15068(RegressionTest30.java:551)

test15075(RegressionTest30)  Time elapsed: 0 sec  <<< FAILURE!
java.lang.AssertionError: 'true' != 'false' expected:<true> but was:<false>
	at RegressionTest30.test15075(RegressionTest30.java:607)

test15102(RegressionTest30)  Time elapsed: 0.001 sec  <<< FAILURE!
java.lang.AssertionError: 'true' != 'false' expected:<true> but was:<false>
	at RegressionTest30.test15102(RegressionTest30.java:823)

test15132(RegressionTest30)  Time elapsed: 0 sec  <<< FAILURE!
java.lang.AssertionError: 'true' != 'false' expected:<true> but was:<false>
	at RegressionTest30.test15132(RegressionTest30.java:1063)

test15137(RegressionTest30)  Time elapsed: 0 sec  <<< FAILURE!
java.lang.AssertionError: 'true' != 'false' expected:<true> but was:<false>
	at RegressionTest30.test15137(RegressionTest30.java:1103)

test15138(RegressionTest30)  Time elapsed: 0 sec  <<< FAILURE!
java.lang.AssertionError: 'true' != 'false' expected:<true> but was:<false>
	at RegressionTest30.test15138(RegressionTest30.java:1111)

test15162(RegressionTest30)  Time elapsed: 0 sec  <<< FAILURE!
java.lang.AssertionError: 'true' != 'false' expected:<true> but was:<false>
	at RegressionTest30.test15162(RegressionTest30.java:1303)

test15166(RegressionTest30)  Time elapsed: 0 sec  <<< FAILURE!
java.lang.AssertionError: 'true' != 'false' expected:<true> but was:<false>
	at RegressionTest30.test15166(RegressionTest30.java:1335)

test15170(RegressionTest30)  Time elapsed: 0 sec  <<< FAILURE!
java.lang.AssertionError: 'true' != 'false' expected:<true> but was:<false>
	at RegressionTest30.test15170(RegressionTest30.java:1367)

test15185(RegressionTest30)  Time elapsed: 0 sec  <<< FAILURE!
java.lang.AssertionError: 'true' != 'false' expected:<true> but was:<false>
	at RegressionTest30.test15185(RegressionTest30.java:1487)

test15190(RegressionTest30)  Time elapsed: 0 sec  <<< FAILURE!
java.lang.AssertionError: 'true' != 'false' expected:<true> but was:<false>
	at RegressionTest30.test15190(RegressionTest30.java:1527)

test15198(RegressionTest30)  Time elapsed: 0 sec  <<< FAILURE!
java.lang.AssertionError: 'true' != 'false' expected:<true> but was:<false>
	at RegressionTest30.test15198(RegressionTest30.java:1591)

test15199(RegressionTest30)  Time elapsed: 0 sec  <<< FAILURE!
java.lang.AssertionError: 'true' != 'false' expected:<true> but was:<false>
	at RegressionTest30.test15199(RegressionTest30.java:1599)

test15207(RegressionTest30)  Time elapsed: 0 sec  <<< FAILURE!
java.lang.AssertionError: 'true' != 'false' expected:<true> but was:<false>
	at RegressionTest30.test15207(RegressionTest30.java:1663)

test15243(RegressionTest30)  Time elapsed: 0 sec  <<< FAILURE!
java.lang.AssertionError: 'true' != 'false' expected:<true> but was:<false>
	at RegressionTest30.test15243(RegressionTest30.java:1951)

test15245(RegressionTest30)  Time elapsed: 0 sec  <<< FAILURE!
java.lang.AssertionError: 'true' != 'false' expected:<true> but was:<false>
	at RegressionTest30.test15245(RegressionTest30.java:1967)

test15246(RegressionTest30)  Time elapsed: 0 sec  <<< FAILURE!
java.lang.AssertionError: 'true' != 'false' expected:<true> but was:<false>
	at RegressionTest30.test15246(RegressionTest30.java:1975)

test15257(RegressionTest30)  Time elapsed: 0 sec  <<< FAILURE!
java.lang.AssertionError: 'true' != 'false' expected:<true> but was:<false>
	at RegressionTest30.test15257(RegressionTest30.java:2063)

test15265(RegressionTest30)  Time elapsed: 0 sec  <<< FAILURE!
java.lang.AssertionError: 'true' != 'false' expected:<true> but was:<false>
	at RegressionTest30.test15265(RegressionTest30.java:2127)

test15272(RegressionTest30)  Time elapsed: 0 sec  <<< FAILURE!
java.lang.AssertionError: 'true' != 'false' expected:<true> but was:<false>
	at RegressionTest30.test15272(RegressionTest30.java:2183)

test15304(RegressionTest30)  Time elapsed: 0 sec  <<< FAILURE!
java.lang.AssertionError: 'true' != 'false' expected:<true> but was:<false>
	at RegressionTest30.test15304(RegressionTest30.java:2439)

test15311(RegressionTest30)  Time elapsed: 0 sec  <<< FAILURE!
java.lang.AssertionError: 'true' != 'false' expected:<true> but was:<false>
	at RegressionTest30.test15311(RegressionTest30.java:2495)

test15317(RegressionTest30)  Time elapsed: 0 sec  <<< FAILURE!
java.lang.AssertionError: 'true' != 'false' expected:<true> but was:<false>
	at RegressionTest30.test15317(RegressionTest30.java:2543)

test15354(RegressionTest30)  Time elapsed: 0 sec  <<< FAILURE!
java.lang.AssertionError: 'true' != 'false' expected:<true> but was:<false>
	at RegressionTest30.test15354(RegressionTest30.java:2839)

test15373(RegressionTest30)  Time elapsed: 0.001 sec  <<< FAILURE!
java.lang.AssertionError: 'true' != 'false' expected:<true> but was:<false>
	at RegressionTest30.test15373(RegressionTest30.java:2991)

test15378(RegressionTest30)  Time elapsed: 0 sec  <<< FAILURE!
java.lang.AssertionError: 'true' != 'false' expected:<true> but was:<false>
	at RegressionTest30.test15378(RegressionTest30.java:3031)

test15382(RegressionTest30)  Time elapsed: 0 sec  <<< FAILURE!
java.lang.AssertionError: 'true' != 'false' expected:<true> but was:<false>
	at RegressionTest30.test15382(RegressionTest30.java:3063)

test15388(RegressionTest30)  Time elapsed: 0 sec  <<< FAILURE!
java.lang.AssertionError: 'true' != 'false' expected:<true> but was:<false>
	at RegressionTest30.test15388(RegressionTest30.java:3111)

test15405(RegressionTest30)  Time elapsed: 0 sec  <<< FAILURE!
java.lang.AssertionError: 'true' != 'false' expected:<true> but was:<false>
	at RegressionTest30.test15405(RegressionTest30.java:3247)

test15411(RegressionTest30)  Time elapsed: 0 sec  <<< FAILURE!
java.lang.AssertionError: 'true' != 'false' expected:<true> but was:<false>
	at RegressionTest30.test15411(RegressionTest30.java:3295)

test15413(RegressionTest30)  Time elapsed: 0 sec  <<< FAILURE!
java.lang.AssertionError: 'true' != 'false' expected:<true> but was:<false>
	at RegressionTest30.test15413(RegressionTest30.java:3311)

test15424(RegressionTest30)  Time elapsed: 0 sec  <<< FAILURE!
java.lang.AssertionError: 'true' != 'false' expected:<true> but was:<false>
	at RegressionTest30.test15424(RegressionTest30.java:3399)

test15436(RegressionTest30)  Time elapsed: 0 sec  <<< FAILURE!
java.lang.AssertionError: 'true' != 'false' expected:<true> but was:<false>
	at RegressionTest30.test15436(RegressionTest30.java:3495)

test15473(RegressionTest30)  Time elapsed: 0 sec  <<< FAILURE!
java.lang.AssertionError: 'true' != 'false' expected:<true> but was:<false>
	at RegressionTest30.test15473(RegressionTest30.java:3791)

test15480(RegressionTest30)  Time elapsed: 0 sec  <<< FAILURE!
java.lang.AssertionError: 'true' != 'false' expected:<true> but was:<false>
	at RegressionTest30.test15480(RegressionTest30.java:3847)

test15602(RegressionTest31)  Time elapsed: 0 sec  <<< FAILURE!
java.lang.AssertionError: 'true' != 'false' expected:<true> but was:<false>
	at RegressionTest31.test15602(RegressionTest31.java:823)

test15621(RegressionTest31)  Time elapsed: 0 sec  <<< FAILURE!
java.lang.AssertionError: 'true' != 'false' expected:<true> but was:<false>
	at RegressionTest31.test15621(RegressionTest31.java:975)

test15626(RegressionTest31)  Time elapsed: 0 sec  <<< FAILURE!
java.lang.AssertionError: 'true' != 'false' expected:<true> but was:<false>
	at RegressionTest31.test15626(RegressionTest31.java:1015)

test15650(RegressionTest31)  Time elapsed: 0 sec  <<< FAILURE!
java.lang.AssertionError: 'true' != 'false' expected:<true> but was:<false>
	at RegressionTest31.test15650(RegressionTest31.java:1207)

test15653(RegressionTest31)  Time elapsed: 0 sec  <<< FAILURE!
java.lang.AssertionError: 'true' != 'false' expected:<true> but was:<false>
	at RegressionTest31.test15653(RegressionTest31.java:1231)

test15703(RegressionTest31)  Time elapsed: 0 sec  <<< FAILURE!
java.lang.AssertionError: 'true' != 'false' expected:<true> but was:<false>
	at RegressionTest31.test15703(RegressionTest31.java:1631)

test15719(RegressionTest31)  Time elapsed: 0 sec  <<< FAILURE!
java.lang.AssertionError: 'true' != 'false' expected:<true> but was:<false>
	at RegressionTest31.test15719(RegressionTest31.java:1759)

test15742(RegressionTest31)  Time elapsed: 0 sec  <<< FAILURE!
java.lang.AssertionError: 'true' != 'false' expected:<true> but was:<false>
	at RegressionTest31.test15742(RegressionTest31.java:1943)

test15743(RegressionTest31)  Time elapsed: 0 sec  <<< FAILURE!
java.lang.AssertionError: 'true' != 'false' expected:<true> but was:<false>
	at RegressionTest31.test15743(RegressionTest31.java:1951)

test15761(RegressionTest31)  Time elapsed: 0 sec  <<< FAILURE!
java.lang.AssertionError: 'true' != 'false' expected:<true> but was:<false>
	at RegressionTest31.test15761(RegressionTest31.java:2095)

test15778(RegressionTest31)  Time elapsed: 0 sec  <<< FAILURE!
java.lang.AssertionError: 'true' != 'false' expected:<true> but was:<false>
	at RegressionTest31.test15778(RegressionTest31.java:2231)

test15789(RegressionTest31)  Time elapsed: 0.001 sec  <<< FAILURE!
java.lang.AssertionError: 'true' != 'false' expected:<true> but was:<false>
	at RegressionTest31.test15789(RegressionTest31.java:2319)

test15804(RegressionTest31)  Time elapsed: 0 sec  <<< FAILURE!
java.lang.AssertionError: 'true' != 'false' expected:<true> but was:<false>
	at RegressionTest31.test15804(RegressionTest31.java:2439)

test15816(RegressionTest31)  Time elapsed: 0 sec  <<< FAILURE!
java.lang.AssertionError: 'true' != 'false' expected:<true> but was:<false>
	at RegressionTest31.test15816(RegressionTest31.java:2535)

test15819(RegressionTest31)  Time elapsed: 0 sec  <<< FAILURE!
java.lang.AssertionError: 'true' != 'false' expected:<true> but was:<false>
	at RegressionTest31.test15819(RegressionTest31.java:2559)

test15823(RegressionTest31)  Time elapsed: 0 sec  <<< FAILURE!
java.lang.AssertionError: 'true' != 'false' expected:<true> but was:<false>
	at RegressionTest31.test15823(RegressionTest31.java:2591)

test15830(RegressionTest31)  Time elapsed: 0 sec  <<< FAILURE!
java.lang.AssertionError: 'true' != 'false' expected:<true> but was:<false>
	at RegressionTest31.test15830(RegressionTest31.java:2647)

test15865(RegressionTest31)  Time elapsed: 0 sec  <<< FAILURE!
java.lang.AssertionError: 'true' != 'false' expected:<true> but was:<false>
	at RegressionTest31.test15865(RegressionTest31.java:2927)

test15866(RegressionTest31)  Time elapsed: 0 sec  <<< FAILURE!
java.lang.AssertionError: 'true' != 'false' expected:<true> but was:<false>
	at RegressionTest31.test15866(RegressionTest31.java:2935)

test15879(RegressionTest31)  Time elapsed: 0 sec  <<< FAILURE!
java.lang.AssertionError: 'true' != 'false' expected:<true> but was:<false>
	at RegressionTest31.test15879(RegressionTest31.java:3039)

test15884(RegressionTest31)  Time elapsed: 0.001 sec  <<< FAILURE!
java.lang.AssertionError: 'true' != 'false' expected:<true> but was:<false>
	at RegressionTest31.test15884(RegressionTest31.java:3079)

test15888(RegressionTest31)  Time elapsed: 0 sec  <<< FAILURE!
java.lang.AssertionError: 'true' != 'false' expected:<true> but was:<false>
	at RegressionTest31.test15888(RegressionTest31.java:3111)

test15892(RegressionTest31)  Time elapsed: 0 sec  <<< FAILURE!
java.lang.AssertionError: 'true' != 'false' expected:<true> but was:<false>
	at RegressionTest31.test15892(RegressionTest31.java:3143)

test15901(RegressionTest31)  Time elapsed: 0 sec  <<< FAILURE!
java.lang.AssertionError: 'true' != 'false' expected:<true> but was:<false>
	at RegressionTest31.test15901(RegressionTest31.java:3215)

test15924(RegressionTest31)  Time elapsed: 0 sec  <<< FAILURE!
java.lang.AssertionError: 'true' != 'false' expected:<true> but was:<false>
	at RegressionTest31.test15924(RegressionTest31.java:3399)

test15931(RegressionTest31)  Time elapsed: 0.001 sec  <<< FAILURE!
java.lang.AssertionError: 'true' != 'false' expected:<true> but was:<false>
	at RegressionTest31.test15931(RegressionTest31.java:3455)

test15942(RegressionTest31)  Time elapsed: 0 sec  <<< FAILURE!
java.lang.AssertionError: 'true' != 'false' expected:<true> but was:<false>
	at RegressionTest31.test15942(RegressionTest31.java:3543)

test15954(RegressionTest31)  Time elapsed: 0 sec  <<< FAILURE!
java.lang.AssertionError: 'true' != 'false' expected:<true> but was:<false>
	at RegressionTest31.test15954(RegressionTest31.java:3639)

test16007(RegressionTest32)  Time elapsed: 0 sec  <<< FAILURE!
java.lang.AssertionError: 'true' != 'false' expected:<true> but was:<false>
	at RegressionTest32.test16007(RegressionTest32.java:63)

test16014(RegressionTest32)  Time elapsed: 0 sec  <<< FAILURE!
java.lang.AssertionError: 'true' != 'false' expected:<true> but was:<false>
	at RegressionTest32.test16014(RegressionTest32.java:119)

test16056(RegressionTest32)  Time elapsed: 0 sec  <<< FAILURE!
java.lang.AssertionError: 'true' != 'false' expected:<true> but was:<false>
	at RegressionTest32.test16056(RegressionTest32.java:455)

test16062(RegressionTest32)  Time elapsed: 0 sec  <<< FAILURE!
java.lang.AssertionError: 'true' != 'false' expected:<true> but was:<false>
	at RegressionTest32.test16062(RegressionTest32.java:503)

test16079(RegressionTest32)  Time elapsed: 0 sec  <<< FAILURE!
java.lang.AssertionError: 'true' != 'false' expected:<true> but was:<false>
	at RegressionTest32.test16079(RegressionTest32.java:639)

test16084(RegressionTest32)  Time elapsed: 0 sec  <<< FAILURE!
java.lang.AssertionError: 'true' != 'false' expected:<true> but was:<false>
	at RegressionTest32.test16084(RegressionTest32.java:679)

test16101(RegressionTest32)  Time elapsed: 0 sec  <<< FAILURE!
java.lang.AssertionError: 'true' != 'false' expected:<true> but was:<false>
	at RegressionTest32.test16101(RegressionTest32.java:815)

test16106(RegressionTest32)  Time elapsed: 0 sec  <<< FAILURE!
java.lang.AssertionError: 'true' != 'false' expected:<true> but was:<false>
	at RegressionTest32.test16106(RegressionTest32.java:855)

test16114(RegressionTest32)  Time elapsed: 0 sec  <<< FAILURE!
java.lang.AssertionError: 'true' != 'false' expected:<true> but was:<false>
	at RegressionTest32.test16114(RegressionTest32.java:919)

test16138(RegressionTest32)  Time elapsed: 0 sec  <<< FAILURE!
java.lang.AssertionError: 'true' != 'false' expected:<true> but was:<false>
	at RegressionTest32.test16138(RegressionTest32.java:1111)

test16147(RegressionTest32)  Time elapsed: 0 sec  <<< FAILURE!
java.lang.AssertionError: 'true' != 'false' expected:<true> but was:<false>
	at RegressionTest32.test16147(RegressionTest32.java:1183)

test16173(RegressionTest32)  Time elapsed: 0 sec  <<< FAILURE!
java.lang.AssertionError: 'true' != 'false' expected:<true> but was:<false>
	at RegressionTest32.test16173(RegressionTest32.java:1391)

test16176(RegressionTest32)  Time elapsed: 0 sec  <<< FAILURE!
java.lang.AssertionError: 'true' != 'false' expected:<true> but was:<false>
	at RegressionTest32.test16176(RegressionTest32.java:1415)

test16177(RegressionTest32)  Time elapsed: 0 sec  <<< FAILURE!
java.lang.AssertionError: 'true' != 'false' expected:<true> but was:<false>
	at RegressionTest32.test16177(RegressionTest32.java:1423)

test16187(RegressionTest32)  Time elapsed: 0 sec  <<< FAILURE!
java.lang.AssertionError: 'true' != 'false' expected:<true> but was:<false>
	at RegressionTest32.test16187(RegressionTest32.java:1503)

test16208(RegressionTest32)  Time elapsed: 0 sec  <<< FAILURE!
java.lang.AssertionError: 'true' != 'false' expected:<true> but was:<false>
	at RegressionTest32.test16208(RegressionTest32.java:1671)

test16215(RegressionTest32)  Time elapsed: 0 sec  <<< FAILURE!
java.lang.AssertionError: 'true' != 'false' expected:<true> but was:<false>
	at RegressionTest32.test16215(RegressionTest32.java:1727)

test16224(RegressionTest32)  Time elapsed: 0 sec  <<< FAILURE!
java.lang.AssertionError: 'true' != 'false' expected:<true> but was:<false>
	at RegressionTest32.test16224(RegressionTest32.java:1799)

test16237(RegressionTest32)  Time elapsed: 0 sec  <<< FAILURE!
java.lang.AssertionError: 'true' != 'false' expected:<true> but was:<false>
	at RegressionTest32.test16237(RegressionTest32.java:1903)

test16251(RegressionTest32)  Time elapsed: 0 sec  <<< FAILURE!
java.lang.AssertionError: 'true' != 'false' expected:<true> but was:<false>
	at RegressionTest32.test16251(RegressionTest32.java:2015)

test16253(RegressionTest32)  Time elapsed: 0 sec  <<< FAILURE!
java.lang.AssertionError: 'true' != 'false' expected:<true> but was:<false>
	at RegressionTest32.test16253(RegressionTest32.java:2031)

test16254(RegressionTest32)  Time elapsed: 0 sec  <<< FAILURE!
java.lang.AssertionError: 'true' != 'false' expected:<true> but was:<false>
	at RegressionTest32.test16254(RegressionTest32.java:2039)

test16263(RegressionTest32)  Time elapsed: 0 sec  <<< FAILURE!
java.lang.AssertionError: 'true' != 'false' expected:<true> but was:<false>
	at RegressionTest32.test16263(RegressionTest32.java:2111)

test16305(RegressionTest32)  Time elapsed: 0 sec  <<< FAILURE!
java.lang.AssertionError: 'true' != 'false' expected:<true> but was:<false>
	at RegressionTest32.test16305(RegressionTest32.java:2447)

test16306(RegressionTest32)  Time elapsed: 0 sec  <<< FAILURE!
java.lang.AssertionError: 'true' != 'false' expected:<true> but was:<false>
	at RegressionTest32.test16306(RegressionTest32.java:2455)

test16307(RegressionTest32)  Time elapsed: 0 sec  <<< FAILURE!
java.lang.AssertionError: 'true' != 'false' expected:<true> but was:<false>
	at RegressionTest32.test16307(RegressionTest32.java:2463)

test16312(RegressionTest32)  Time elapsed: 0 sec  <<< FAILURE!
java.lang.AssertionError: 'true' != 'false' expected:<true> but was:<false>
	at RegressionTest32.test16312(RegressionTest32.java:2503)

test16319(RegressionTest32)  Time elapsed: 0.001 sec  <<< FAILURE!
java.lang.AssertionError: 'true' != 'false' expected:<true> but was:<false>
	at RegressionTest32.test16319(RegressionTest32.java:2559)

test16323(RegressionTest32)  Time elapsed: 0 sec  <<< FAILURE!
java.lang.AssertionError: 'true' != 'false' expected:<true> but was:<false>
	at RegressionTest32.test16323(RegressionTest32.java:2591)

test16329(RegressionTest32)  Time elapsed: 0 sec  <<< FAILURE!
java.lang.AssertionError: 'true' != 'false' expected:<true> but was:<false>
	at RegressionTest32.test16329(RegressionTest32.java:2639)

test16344(RegressionTest32)  Time elapsed: 0 sec  <<< FAILURE!
java.lang.AssertionError: 'true' != 'false' expected:<true> but was:<false>
	at RegressionTest32.test16344(RegressionTest32.java:2759)

test16376(RegressionTest32)  Time elapsed: 0 sec  <<< FAILURE!
java.lang.AssertionError: 'true' != 'false' expected:<true> but was:<false>
	at RegressionTest32.test16376(RegressionTest32.java:3015)

test16382(RegressionTest32)  Time elapsed: 0 sec  <<< FAILURE!
java.lang.AssertionError: 'true' != 'false' expected:<true> but was:<false>
	at RegressionTest32.test16382(RegressionTest32.java:3063)

